#
# A fatal error has been detected by the Java Runtime Environment:
#
#  SIGSEGV (0xb) at pc=0x000000010bbab17a, pid=3468, tid=0x000000000000080b
#
# JRE version: Java(TM) SE Runtime Environment (8.0_102-b14) (build 1.8.0_102-b14)
# Java VM: Java HotSpot(TM) 64-Bit Server VM (25.102-b14 mixed mode bsd-amd64 compressed oops)
# Problematic frame:
# V  [libjvm.dylib+0x16a17a]  ThreadStateTransition::trans_from_native(JavaThreadState)+0xa
#
# Failed to write core dump. Core dumps have been disabled. To enable core dumping, try "ulimit -c unlimited" before starting Java again
#
# If you would like to submit a bug report, please visit:
#   http://bugreport.java.com/bugreport/crash.jsp
#

---------------  T H R E A D  ---------------

Current thread is native thread

siginfo: si_signo: 11 (SIGSEGV), si_code: 1 (SEGV_MAPERR), si_addr: 0x0000000000000270

Registers:
RAX=0x0000000000000000, RBX=0x0000000000000000, RCX=0x000000010bd54dcf, RDX=0x00007fae808e51f8
RSP=0x00007fff54269b10, RBP=0x00007fff54269b20, RSI=0x0000000000000006, RDI=0x00007fff54269b60
R8 =0x000000000000005a, R9 =0x000000003f800000, R10=0x0000000113b9de90, R11=0x00007fae82c420c0
R12=0x00007fae808e51f8, R13=0x00007fae82cd3dc0, R14=0x00007fae808e51f8, R15=0x0000000000000000
RIP=0x000000010bbab17a, EFLAGS=0x0000000000010246, ERR=0x0000000000000006
  TRAPNO=0x000000000000000e

Top of Stack: (sp=0x00007fff54269b10)
0x00007fff54269b10:   00007fae80703fc8 00007fae808e51f8
0x00007fff54269b20:   00007fff54269b80 000000010bd54dff
0x00007fff54269b30:   cb9f5f7a768a0079 00007fae82f009b0
0x00007fff54269b40:   00007fae80d0c600 00007fae82c6d2e0
0x00007fff54269b50:   00007fff54269b80 000000012810a6e9
0x00007fff54269b60:   0000000000000000 00007fae82cee890
0x00007fff54269b70:   00007fae80d0c600 00007fae82c6d2e0
0x00007fff54269b80:   00007fff54269be0 0000000130f018d5
0x00007fff54269b90:   cb9f5f7a768a0079 0000000000000000
0x00007fff54269ba0:   40e21d615aefae60 0000000000000000
0x00007fff54269bb0:   00007fff54269be0 00007fae82c6d2e0
0x00007fff54269bc0:   00007fae82f009b0 00007fae82cd3dc0
0x00007fff54269bd0:   00007fae82c6d2e0 00007fff90fb8b40
0x00007fff54269be0:   00007fff54269c60 00007fff8247ec81
0x00007fff54269bf0:   00007fae811f2a00 0000000000000000
0x00007fff54269c00:   0000005a54269c40 00007fae80d0c600
0x00007fff54269c10:   0000000000000000 0000000000000000
0x00007fff54269c20:   0000000400000000 40e21d615aefae60
0x00007fff54269c30:   00007fff54269c60 00007fae82c6d2e0
0x00007fff54269c40:   0000000000000004 0000000000000000
0x00007fff54269c50:   00007fff90fb8b40 00007fff7b0354ff
0x00007fff54269c60:   00007fff54269cd0 00007fff8247e7ff
0x00007fff54269c70:   4000000000000000 4046800000000000
0x00007fff54269c80:   4046800000000000 0000000000000000
0x00007fff54269c90:   0000000000000000 4046800000000000
0x00007fff54269ca0:   4046800000000000 00007fff54269da0
0x00007fff54269cb0:   00007fae82f00ca8 0000000000000000
0x00007fff54269cc0:   00007fff7b03dc26 00007fae811f2a00
0x00007fff54269cd0:   00007fff5426ada0 00007fff824919a6
0x00007fff54269ce0:   00007fff5426ada0 00007fff8249187c
0x00007fff54269cf0:   00007fae82f00ca8 00007fae82f00ca8
0x00007fff54269d00:   00007fae82f00c00 00007fae811f2a00 

Instructions: (pc=0x000000010bbab17a)
0x000000010bbab15a:   0e 48 8b 0b 49 8b 56 18 48 63 c0 48 89 0c c2 5b
0x000000010bbab16a:   41 5e 5d c3 90 90 55 48 89 e5 41 56 53 48 8b 1f
0x000000010bbab17a:   c7 83 70 02 00 00 05 00 00 00 48 8d 05 2d 51 78
0x000000010bbab18a:   00 8b 00 83 f8 01 41 89 f6 75 0c 48 8d 0d 7a bc 

Register to memory mapping:

RAX=0x0000000000000000 is an unknown value
RBX=0x0000000000000000 is an unknown value
RCX=0x000000010bd54dcf: jni_NewLocalRef+0 in /Library/Java/JavaVirtualMachines/jdk1.8.0_102.jdk/Contents/Home/jre/lib/server/libjvm.dylib at 0x000000010ba41000
RDX=0x00007fae808e51f8 is an unknown value
RSP=0x00007fff54269b10 is an unknown value
RBP=0x00007fff54269b20 is an unknown value
RSI=0x0000000000000006 is an unknown value
RDI=0x00007fff54269b60 is an unknown value
R8 =0x000000000000005a is an unknown value
R9 =0x000000003f800000 is an unknown value
R10=0x0000000113b9de90: OBJC_CLASS_$_JNFJObjectWrapper+0 in /System/Library/Frameworks/JavaVM.framework/Versions/A/Frameworks/JavaNativeFoundation.framework/Versions/A/JavaNativeFoundation at 0x0000000113b93000
R11=0x00007fae82c420c0 is an unknown value
R12=0x00007fae808e51f8 is an unknown value
R13=0x00007fae82cd3dc0 is an unknown value
R14=0x00007fae808e51f8 is an unknown value
R15=0x0000000000000000 is an unknown value


Stack: [0x00007fff53a6e000,0x00007fff5426e000],  sp=0x00007fff54269b10,  free space=8174k
Native frames: (J=compiled Java code, j=interpreted, Vv=VM code, C=native code)
V  [libjvm.dylib+0x16a17a]  ThreadStateTransition::trans_from_native(JavaThreadState)+0xa
V  [libjvm.dylib+0x313dff]  jni_NewLocalRef+0x30
C  [libawt_lwawt.dylib+0x198d5]  -[CGLLayer drawInCGLContext:pixelFormat:forLayerTime:displayTime:]+0xee
C  [QuartzCore+0x110c81]  CAOpenGLLayerDraw(CAOpenGLLayer*, double, CVTimeStamp const*, unsigned int)+0x369
C  [QuartzCore+0x1107ff]  -[CAOpenGLLayer _display]+0x15f
C  [QuartzCore+0x1239a6]  CA::Layer::display_if_needed(CA::Transaction*)+0x23c
C  [QuartzCore+0x123ad1]  CA::Layer::layout_and_display_if_needed(CA::Transaction*)+0x23
C  [QuartzCore+0x1192e8]  CA::Context::commit_transaction(CA::Transaction*)+0x118
C  [QuartzCore+0x105e5]  CA::Transaction::commit()+0x1db
C  [QuartzCore+0x10f46]  CA::Transaction::observer_callback(__CFRunLoopObserver*, unsigned long, void*)+0x6c
C  [CoreFoundation+0xa6f67]  __CFRUNLOOP_IS_CALLING_OUT_TO_AN_OBSERVER_CALLBACK_FUNCTION__+0x17
C  [CoreFoundation+0xa6ed7]  __CFRunLoopDoObservers+0x187
C  [CoreFoundation+0x87cce]  __CFRunLoopRun+0x4be
C  [CoreFoundation+0x875b4]  CFRunLoopRunSpecific+0x1a4
C  [java+0x6465]  CreateExecutionEnvironment+0x367
C  [java+0x218c]  JLI_Launch+0x7a0
C  [java+0x84c2]  main+0x65
C  [java+0x19e4]  start+0x34


---------------  P R O C E S S  ---------------

VM state:not at safepoint (normal execution)

VM Mutex/Monitor currently owned by a thread: None

Heap:
 PSYoungGen      total 32256K, used 22592K [0x0000000795580000, 0x0000000798880000, 0x00000007c0000000)
  eden space 29696K, 68% used [0x0000000795580000,0x00000007969502c0,0x0000000797280000)
  from space 2560K, 90% used [0x0000000797300000,0x0000000797540000,0x0000000797580000)
  to   space 11264K, 0% used [0x0000000797d80000,0x0000000797d80000,0x0000000798880000)
 ParOldGen       total 53760K, used 11850K [0x0000000740000000, 0x0000000743480000, 0x0000000795580000)
  object space 53760K, 22% used [0x0000000740000000,0x0000000740b92970,0x0000000743480000)
 Metaspace       used 29540K, capacity 30932K, committed 31232K, reserved 1077248K
  class space    used 4008K, capacity 4276K, committed 4352K, reserved 1048576K

Card table byte_map: [0x000000010d5fe000,0x000000010d9ff000] byte_map_base: 0x0000000109bfe000

Marking Bits: (ParMarkBitMap*) 0x000000010c330d20
 Begin Bits: [0x000000010dcaa000, 0x000000010fcaa000)
 End Bits:   [0x000000010fcaa000, 0x0000000111caa000)

Polling page: 0x000000010c9f0000

CodeCache: size=245760Kb used=16681Kb max_used=17045Kb free=229078Kb
 bounds [0x0000000116440000, 0x0000000117530000, 0x0000000125440000]
 total_blobs=5758 nmethods=4912 adapters=757
 compilation: enabled

Compilation events (10 events):
Event: 202.462 Thread 0x00007fae82009800 5863       4       java.io.UnixFileSystem::normalize (75 bytes)
Event: 202.463 Thread 0x00007fae8081d000 5864  s    4       java.util.Vector::elementAt (48 bytes)
Event: 202.465 Thread 0x00007fae8081d000 nmethod 5864 0x0000000116e75a10 code [0x0000000116e75b60, 0x0000000116e75dd8]
Event: 202.467 Thread 0x00007fae82009800 nmethod 5863 0x0000000116edd150 code [0x0000000116edd2c0, 0x0000000116edd538]
Event: 203.126 Thread 0x00007fae81812000 5865       3       com.sun.javafx.tk.quantum.GlassScene::updateSceneState (8 bytes)
Event: 203.126 Thread 0x00007fae81812000 nmethod 5865 0x00000001170ea690 code [0x00000001170ea800, 0x00000001170ea988]
Event: 203.163 Thread 0x00007fae8081d000 5866       4       java.util.concurrent.locks.ReentrantLock::unlock (10 bytes)
Event: 203.164 Thread 0x00007fae81812000 5868       3       java.lang.invoke.MethodHandles$Lookup::findStatic (27 bytes)
Event: 203.164 Thread 0x00007fae81812000 nmethod 5868 0x00000001170ea010 code [0x00000001170ea1a0, 0x00000001170ea548]
Event: 203.165 Thread 0x00007fae8081d000 nmethod 5866 0x0000000116e76b50 code [0x0000000116e76cc0, 0x0000000116e76e48]

GC Heap History (10 events):
Event: 122.407 GC heap before
{Heap before GC invocations=8 (full 1):
 PSYoungGen      total 44544K, used 34464K [0x0000000795580000, 0x0000000798f00000, 0x00000007c0000000)
  eden space 32256K, 100% used [0x0000000795580000,0x0000000797500000,0x0000000797500000)
  from space 12288K, 17% used [0x0000000798300000,0x0000000798528000,0x0000000798f00000)
  to   space 13312K, 0% used [0x0000000797500000,0x0000000797500000,0x0000000798200000)
 ParOldGen       total 53760K, used 11624K [0x0000000740000000, 0x0000000743480000, 0x0000000795580000)
  object space 53760K, 21% used [0x0000000740000000,0x0000000740b5a210,0x0000000743480000)
 Metaspace       used 29384K, capacity 30772K, committed 30976K, reserved 1075200K
  class space    used 4002K, capacity 4268K, committed 4352K, reserved 1048576K
Event: 122.414 GC heap after
Heap after GC invocations=8 (full 1):
 PSYoungGen      total 34304K, used 2240K [0x0000000795580000, 0x0000000798e80000, 0x00000007c0000000)
  eden space 31744K, 0% used [0x0000000795580000,0x0000000795580000,0x0000000797480000)
  from space 2560K, 87% used [0x0000000797500000,0x0000000797730000,0x0000000797780000)
  to   space 13312K, 0% used [0x0000000798180000,0x0000000798180000,0x0000000798e80000)
 ParOldGen       total 53760K, used 11632K [0x0000000740000000, 0x0000000743480000, 0x0000000795580000)
  object space 53760K, 21% used [0x0000000740000000,0x0000000740b5c210,0x0000000743480000)
 Metaspace       used 29384K, capacity 30772K, committed 30976K, reserved 1075200K
  class space    used 4002K, capacity 4268K, committed 4352K, reserved 1048576K
}
Event: 141.400 GC heap before
{Heap before GC invocations=9 (full 1):
 PSYoungGen      total 34304K, used 33984K [0x0000000795580000, 0x0000000798e80000, 0x00000007c0000000)
  eden space 31744K, 100% used [0x0000000795580000,0x0000000797480000,0x0000000797480000)
  from space 2560K, 87% used [0x0000000797500000,0x0000000797730000,0x0000000797780000)
  to   space 13312K, 0% used [0x0000000798180000,0x0000000798180000,0x0000000798e80000)
 ParOldGen       total 53760K, used 11814K [0x0000000740000000, 0x0000000743480000, 0x0000000795580000)
  object space 53760K, 21% used [0x0000000740000000,0x0000000740b89a30,0x0000000743480000)
 Metaspace       used 29426K, capacity 30772K, committed 30976K, reserved 1075200K
  class space    used 4002K, capacity 4268K, committed 4352K, reserved 1048576K
Event: 141.413 GC heap after
Heap after GC invocations=9 (full 1):
 PSYoungGen      total 43008K, used 2240K [0x0000000795580000, 0x0000000798d00000, 0x00000007c0000000)
  eden space 31232K, 0% used [0x0000000795580000,0x0000000795580000,0x0000000797400000)
  from space 11776K, 19% used [0x0000000798180000,0x00000007983b0000,0x0000000798d00000)
  to   space 12800K, 0% used [0x0000000797400000,0x0000000797400000,0x0000000798080000)
 ParOldGen       total 53760K, used 11822K [0x0000000740000000, 0x0000000743480000, 0x0000000795580000)
  object space 53760K, 21% used [0x0000000740000000,0x0000000740b8ba30,0x0000000743480000)
 Metaspace       used 29426K, capacity 30772K, committed 30976K, reserved 1075200K
  class space    used 4002K, capacity 4268K, committed 4352K, reserved 1048576K
}
Event: 156.066 GC heap before
{Heap before GC invocations=10 (full 1):
 PSYoungGen      total 43008K, used 33472K [0x0000000795580000, 0x0000000798d00000, 0x00000007c0000000)
  eden space 31232K, 100% used [0x0000000795580000,0x0000000797400000,0x0000000797400000)
  from space 11776K, 19% used [0x0000000798180000,0x00000007983b0000,0x0000000798d00000)
  to   space 12800K, 0% used [0x0000000797400000,0x0000000797400000,0x0000000798080000)
 ParOldGen       total 53760K, used 11824K [0x0000000740000000, 0x0000000743480000, 0x0000000795580000)
  object space 53760K, 21% used [0x0000000740000000,0x0000000740b8c1d0,0x0000000743480000)
 Metaspace       used 29461K, capacity 30772K, committed 30976K, reserved 1075200K
  class space    used 4003K, capacity 4268K, committed 4352K, reserved 1048576K
Event: 156.081 GC heap after
Heap after GC invocations=10 (full 1):
 PSYoungGen      total 33280K, used 2368K [0x0000000795580000, 0x0000000798b80000, 0x00000007c0000000)
  eden space 30720K, 0% used [0x0000000795580000,0x0000000795580000,0x0000000797380000)
  from space 2560K, 92% used [0x0000000797400000,0x0000000797650000,0x0000000797680000)
  to   space 12288K, 0% used [0x0000000797f80000,0x0000000797f80000,0x0000000798b80000)
 ParOldGen       total 53760K, used 11832K [0x0000000740000000, 0x0000000743480000, 0x0000000795580000)
  object space 53760K, 22% used [0x0000000740000000,0x0000000740b8e1d0,0x0000000743480000)
 Metaspace       used 29461K, capacity 30772K, committed 30976K, reserved 1075200K
  class space    used 4003K, capacity 4268K, committed 4352K, reserved 1048576K
}
Event: 170.649 GC heap before
{Heap before GC invocations=11 (full 1):
 PSYoungGen      total 33280K, used 33088K [0x0000000795580000, 0x0000000798b80000, 0x00000007c0000000)
  eden space 30720K, 100% used [0x0000000795580000,0x0000000797380000,0x0000000797380000)
  from space 2560K, 92% used [0x0000000797400000,0x0000000797650000,0x0000000797680000)
  to   space 12288K, 0% used [0x0000000797f80000,0x0000000797f80000,0x0000000798b80000)
 ParOldGen       total 53760K, used 11834K [0x0000000740000000, 0x0000000743480000, 0x0000000795580000)
  object space 53760K, 22% used [0x0000000740000000,0x0000000740b8e970,0x0000000743480000)
 Metaspace       used 29474K, capacity 30772K, committed 30976K, reserved 1075200K
  class space    used 4003K, capacity 4268K, committed 4352K, reserved 1048576K
Event: 170.661 GC heap after
Heap after GC invocations=11 (full 1):
 PSYoungGen      total 40960K, used 2432K [0x0000000795580000, 0x0000000798a00000, 0x00000007c0000000)
  eden space 30208K, 0% used [0x0000000795580000,0x0000000795580000,0x0000000797300000)
  from space 10752K, 22% used [0x0000000797f80000,0x00000007981e0000,0x0000000798a00000)
  to   space 11776K, 0% used [0x0000000797300000,0x0000000797300000,0x0000000797e80000)
 ParOldGen       total 53760K, used 11842K [0x0000000740000000, 0x0000000743480000, 0x0000000795580000)
  object space 53760K, 22% used [0x0000000740000000,0x0000000740b90970,0x0000000743480000)
 Metaspace       used 29474K, capacity 30772K, committed 30976K, reserved 1075200K
  class space    used 4003K, capacity 4268K, committed 4352K, reserved 1048576K
}
Event: 181.145 GC heap before
{Heap before GC invocations=12 (full 1):
 PSYoungGen      total 40960K, used 32640K [0x0000000795580000, 0x0000000798a00000, 0x00000007c0000000)
  eden space 30208K, 100% used [0x0000000795580000,0x0000000797300000,0x0000000797300000)
  from space 10752K, 22% used [0x0000000797f80000,0x00000007981e0000,0x0000000798a00000)
  to   space 11776K, 0% used [0x0000000797300000,0x0000000797300000,0x0000000797e80000)
 ParOldGen       total 53760K, used 11842K [0x0000000740000000, 0x0000000743480000, 0x0000000795580000)
  object space 53760K, 22% used [0x0000000740000000,0x0000000740b90970,0x0000000743480000)
 Metaspace       used 29496K, capacity 30836K, committed 31232K, reserved 1077248K
  class space    used 4003K, capacity 4268K, committed 4352K, reserved 1048576K
Event: 181.157 GC heap after
Heap after GC invocations=12 (full 1):
 PSYoungGen      total 32256K, used 2304K [0x0000000795580000, 0x0000000798880000, 0x00000007c0000000)
  eden space 29696K, 0% used [0x0000000795580000,0x0000000795580000,0x0000000797280000)
  from space 2560K, 90% used [0x0000000797300000,0x0000000797540000,0x0000000797580000)
  to   space 11264K, 0% used [0x0000000797d80000,0x0000000797d80000,0x0000000798880000)
 ParOldGen       total 53760K, used 11850K [0x0000000740000000, 0x0000000743480000, 0x0000000795580000)
  object space 53760K, 22% used [0x0000000740000000,0x0000000740b92970,0x0000000743480000)
 Metaspace       used 29496K, capacity 30836K, committed 31232K, reserved 1077248K
  class space    used 4003K, capacity 4268K, committed 4352K, reserved 1048576K
}

Deoptimization events (10 events):
Event: 61.059 Thread 0x00007fae808e5000 Uncommon trap: reason=class_check action=maybe_recompile pc=0x00000001171db31c method=java.lang.reflect.Array.newInstance(Ljava/lang/Class;I)Ljava/lang/Object; @ 2
Event: 61.059 Thread 0x00007fae808e5000 Uncommon trap: reason=class_check action=maybe_recompile pc=0x00000001171db31c method=java.lang.reflect.Array.newInstance(Ljava/lang/Class;I)Ljava/lang/Object; @ 2
Event: 61.059 Thread 0x00007fae808e5000 Uncommon trap: reason=class_check action=maybe_recompile pc=0x00000001171db31c method=java.lang.reflect.Array.newInstance(Ljava/lang/Class;I)Ljava/lang/Object; @ 2
Event: 65.669 Thread 0x00007fae8189a000 Uncommon trap: reason=class_check action=maybe_recompile pc=0x00000001171f61cc method=com.sun.javafx.sg.prism.NGNode.markCullRegions(Lcom/sun/javafx/geom/DirtyRegionContainer;ILcom/sun/javafx/geom/transform/BaseTransform;Lcom/sun/javafx/geom/transform/Gen
Event: 86.966 Thread 0x00007fae814f5000 Uncommon trap: reason=unstable_if action=reinterpret pc=0x000000011742aef4 method=com.sun.media.sound.DirectAudioDevice$DirectDL.write([BII)I @ 140
Event: 91.843 Thread 0x00007fae814ce000 Uncommon trap: reason=unstable_if action=reinterpret pc=0x000000011665cdd0 method=sun.nio.cs.UTF_8$Decoder.decode([BII[C)I @ 30
Event: 108.250 Thread 0x00007fae8189a000 Uncommon trap: reason=unstable_if action=reinterpret pc=0x00000001173a96bc method=com.sun.javafx.geom.DirtyRegionContainer.hasSpace()Z @ 9
Event: 203.074 Thread 0x00007fae808e5000 Uncommon trap: reason=bimorphic action=maybe_recompile pc=0x0000000116b5a47c method=com.sun.javafx.event.CompositeEventHandler.dispatchBubblingEvent(Ljavafx/event/Event;)V @ 12
Event: 203.105 Thread 0x00007fae808e5000 Uncommon trap: reason=bimorphic action=maybe_recompile pc=0x0000000116b5a47c method=com.sun.javafx.event.CompositeEventHandler.dispatchBubblingEvent(Ljavafx/event/Event;)V @ 12
Event: 203.117 Thread 0x00007fae80d01000 Uncommon trap: reason=unstable_if action=reinterpret pc=0x00000001173778b0 method=java.security.AccessControlContext.combine([Ljava/security/ProtectionDomain;[Ljava/security/ProtectionDomain;)[Ljava/security/ProtectionDomain; @ 162

Internal exceptions (10 events):
Event: 3.060 Thread 0x00007fae808e5000 Implicit null exception at 0x000000011670f9b5 to 0x000000011670fbed
Event: 3.060 Thread 0x00007fae808e5000 Implicit null exception at 0x00000001167b9f5b to 0x00000001167ba5d9
Event: 15.973 Thread 0x00007fae808e5000 Exception <a 'java/io/FileNotFoundException'> (0x0000000795746510) thrown at [/Users/java_re/workspace/8-2-build-macosx-x86_64/jdk8u102/7268/hotspot/src/share/vm/prims/jni.cpp, line 709]
Event: 18.499 Thread 0x00007fae808e5000 Exception <a 'java/io/FileNotFoundException'> (0x0000000795a65e00) thrown at [/Users/java_re/workspace/8-2-build-macosx-x86_64/jdk8u102/7268/hotspot/src/share/vm/prims/jni.cpp, line 709]
Event: 18.501 Thread 0x00007fae808e5000 Exception <a 'java/io/FileNotFoundException'> (0x0000000795a6d638) thrown at [/Users/java_re/workspace/8-2-build-macosx-x86_64/jdk8u102/7268/hotspot/src/share/vm/prims/jni.cpp, line 709]
Event: 18.501 Thread 0x00007fae808e5000 Exception <a 'java/io/FileNotFoundException'> (0x0000000795a6e370) thrown at [/Users/java_re/workspace/8-2-build-macosx-x86_64/jdk8u102/7268/hotspot/src/share/vm/prims/jni.cpp, line 709]
Event: 18.534 Thread 0x00007fae80c08000 Implicit null exception at 0x0000000116cfcfbc to 0x0000000116cfd095
Event: 20.175 Thread 0x00007fae814ce000 Implicit null exception at 0x00000001167e7d0c to 0x00000001167e885d
Event: 55.650 Thread 0x00007fae808e5000 Implicit null exception at 0x000000011669e2af to 0x000000011669e319
Event: 60.602 Thread 0x00007fae82008800 Exception <a 'java/lang/NullPointerException'> (0x000000079562ee80) thrown at [/Users/java_re/workspace/8-2-build-macosx-x86_64/jdk8u102/7268/hotspot/src/share/vm/interpreter/linkResolver.cpp, line 1178]

Events (10 events):
Event: 203.155 loading class javafx/application/Application done
Event: 203.163 loading class com/sun/javafx/tk/quantum/QuantumRenderer
Event: 203.163 loading class com/sun/javafx/tk/quantum/QuantumRenderer done
Event: 203.164 loading class com/sun/javafx/tk/quantum/QuantumToolkit
Event: 203.164 loading class com/sun/javafx/tk/quantum/QuantumToolkit done
Event: 203.164 Thread 0x00007fae8189a000 Thread exited: 0x00007fae8189a000
Event: 203.164 Thread 0x00007fae8091e800 Thread exited: 0x00007fae8091e800
Event: 203.164 Thread 0x00007fae80808800 Thread exited: 0x00007fae80808800
Event: 203.164 Thread 0x00007fae88920000 Thread added: 0x00007fae88920000
Event: 203.164 Thread 0x00007fae808e5000 Thread exited: 0x00007fae808e5000


Dynamic libraries:
0x0000000007668000 	/System/Library/Frameworks/Cocoa.framework/Versions/A/Cocoa
0x0000000007668000 	/System/Library/Frameworks/Security.framework/Versions/A/Security
0x0000000007668000 	/System/Library/Frameworks/ApplicationServices.framework/Versions/A/ApplicationServices
0x0000000007668000 	/usr/lib/libz.1.dylib
0x0000000007668000 	/usr/lib/libSystem.B.dylib
0x0000000007668000 	/usr/lib/libobjc.A.dylib
0x0000000007668000 	/System/Library/Frameworks/CoreFoundation.framework/Versions/A/CoreFoundation
0x0000000007668000 	/System/Library/Frameworks/Foundation.framework/Versions/C/Foundation
0x0000000007668000 	/System/Library/Frameworks/AppKit.framework/Versions/C/AppKit
0x0000000007668000 	/System/Library/Frameworks/CoreData.framework/Versions/A/CoreData
0x0000000007668000 	/System/Library/PrivateFrameworks/RemoteViewServices.framework/Versions/A/RemoteViewServices
0x0000000007668000 	/System/Library/PrivateFrameworks/UIFoundation.framework/Versions/A/UIFoundation
0x0000000007668000 	/usr/lib/libenergytrace.dylib
0x0000000007668000 	/System/Library/PrivateFrameworks/SkyLight.framework/Versions/A/SkyLight
0x0000000007668000 	/System/Library/Frameworks/CoreGraphics.framework/Versions/A/CoreGraphics
0x0000000007668000 	/usr/lib/libScreenReader.dylib
0x0000000007668000 	/System/Library/Frameworks/Accelerate.framework/Versions/A/Accelerate
0x0000000007668000 	/System/Library/Frameworks/IOSurface.framework/Versions/A/IOSurface
0x0000000007668000 	/System/Library/Frameworks/AudioToolbox.framework/Versions/A/AudioToolbox
0x0000000007668000 	/System/Library/Frameworks/AudioUnit.framework/Versions/A/AudioUnit
0x0000000007668000 	/System/Library/PrivateFrameworks/DataDetectorsCore.framework/Versions/A/DataDetectorsCore
0x0000000007668000 	/System/Library/PrivateFrameworks/DesktopServicesPriv.framework/Versions/A/DesktopServicesPriv
0x0000000007668000 	/System/Library/Frameworks/Carbon.framework/Versions/A/Frameworks/HIToolbox.framework/Versions/A/HIToolbox
0x0000000007668000 	/usr/lib/libicucore.A.dylib
0x0000000007668000 	/System/Library/Frameworks/QuartzCore.framework/Versions/A/QuartzCore
0x0000000007668000 	/System/Library/Frameworks/Carbon.framework/Versions/A/Frameworks/SpeechRecognition.framework/Versions/A/SpeechRecognition
0x0000000007668000 	/usr/lib/libauto.dylib
0x0000000007668000 	/usr/lib/libxml2.2.dylib
0x0000000007668000 	/System/Library/PrivateFrameworks/CoreUI.framework/Versions/A/CoreUI
0x0000000007668000 	/System/Library/Frameworks/CoreAudio.framework/Versions/A/CoreAudio
0x0000000007668000 	/System/Library/Frameworks/DiskArbitration.framework/Versions/A/DiskArbitration
0x0000000007668000 	/usr/lib/liblangid.dylib
0x0000000007668000 	/System/Library/PrivateFrameworks/MultitouchSupport.framework/Versions/A/MultitouchSupport
0x0000000007668000 	/System/Library/Frameworks/IOKit.framework/Versions/A/IOKit
0x0000000007668000 	/usr/lib/libDiagnosticMessagesClient.dylib
0x0000000007668000 	/System/Library/Frameworks/CoreServices.framework/Versions/A/CoreServices
0x0000000007668000 	/System/Library/PrivateFrameworks/PerformanceAnalysis.framework/Versions/A/PerformanceAnalysis
0x0000000007668000 	/System/Library/PrivateFrameworks/GenerationalStorage.framework/Versions/A/GenerationalStorage
0x0000000007668000 	/System/Library/Frameworks/OpenGL.framework/Versions/A/OpenGL
0x0000000007668000 	/System/Library/Frameworks/CoreImage.framework/Versions/A/CoreImage
0x0000000007668000 	/System/Library/Frameworks/CoreText.framework/Versions/A/CoreText
0x0000000007668000 	/System/Library/Frameworks/ImageIO.framework/Versions/A/ImageIO
0x0000000007668000 	/System/Library/PrivateFrameworks/Backup.framework/Versions/A/Backup
0x0000000007668000 	/usr/lib/libarchive.2.dylib
0x0000000007668000 	/System/Library/Frameworks/CFNetwork.framework/Versions/A/CFNetwork
0x0000000007668000 	/System/Library/Frameworks/SystemConfiguration.framework/Versions/A/SystemConfiguration
0x0000000007668000 	/usr/lib/libCRFSuite.dylib
0x0000000007668000 	/usr/lib/libc++.1.dylib
0x0000000007668000 	/usr/lib/libc++abi.dylib
0x0000000007668000 	/usr/lib/system/libcache.dylib
0x0000000007668000 	/usr/lib/system/libcommonCrypto.dylib
0x0000000007668000 	/usr/lib/system/libcompiler_rt.dylib
0x0000000007668000 	/usr/lib/system/libcopyfile.dylib
0x0000000007668000 	/usr/lib/system/libcorecrypto.dylib
0x0000000007668000 	/usr/lib/system/libdispatch.dylib
0x0000000007668000 	/usr/lib/system/libdyld.dylib
0x0000000007668000 	/usr/lib/system/libkeymgr.dylib
0x0000000007668000 	/usr/lib/system/liblaunch.dylib
0x0000000007668000 	/usr/lib/system/libmacho.dylib
0x0000000007668000 	/usr/lib/system/libquarantine.dylib
0x0000000007668000 	/usr/lib/system/libremovefile.dylib
0x0000000007668000 	/usr/lib/system/libsystem_asl.dylib
0x0000000007668000 	/usr/lib/system/libsystem_blocks.dylib
0x0000000007668000 	/usr/lib/system/libsystem_c.dylib
0x0000000007668000 	/usr/lib/system/libsystem_configuration.dylib
0x0000000007668000 	/usr/lib/system/libsystem_coreservices.dylib
0x0000000007668000 	/usr/lib/system/libsystem_coretls.dylib
0x0000000007668000 	/usr/lib/system/libsystem_dnssd.dylib
0x0000000007668000 	/usr/lib/system/libsystem_info.dylib
0x0000000007668000 	/usr/lib/system/libsystem_kernel.dylib
0x0000000007668000 	/usr/lib/system/libsystem_m.dylib
0x0000000007668000 	/usr/lib/system/libsystem_malloc.dylib
0x0000000007668000 	/usr/lib/system/libsystem_network.dylib
0x0000000007668000 	/usr/lib/system/libsystem_networkextension.dylib
0x0000000007668000 	/usr/lib/system/libsystem_notify.dylib
0x0000000007668000 	/usr/lib/system/libsystem_platform.dylib
0x0000000007668000 	/usr/lib/system/libsystem_pthread.dylib
0x0000000007668000 	/usr/lib/system/libsystem_sandbox.dylib
0x0000000007668000 	/usr/lib/system/libsystem_secinit.dylib
0x0000000007668000 	/usr/lib/system/libsystem_symptoms.dylib
0x0000000007668000 	/usr/lib/system/libsystem_trace.dylib
0x0000000007668000 	/usr/lib/system/libunwind.dylib
0x0000000007668000 	/usr/lib/system/libxpc.dylib
0x0000000007668000 	/usr/lib/libbsm.0.dylib
0x0000000007668000 	/usr/lib/system/libkxld.dylib
0x0000000007668000 	/usr/lib/libcoretls.dylib
0x0000000007668000 	/usr/lib/libcoretls_cfhelpers.dylib
0x0000000007668000 	/usr/lib/libxar.1.dylib
0x0000000007668000 	/usr/lib/libsqlite3.dylib
0x0000000007668000 	/usr/lib/libpam.2.dylib
0x0000000007668000 	/usr/lib/libOpenScriptingUtil.dylib
0x0000000007668000 	/usr/lib/libbz2.1.0.dylib
0x0000000007668000 	/usr/lib/liblzma.5.dylib
0x0000000007668000 	/usr/lib/libnetwork.dylib
0x0000000007668000 	/usr/lib/libpcap.A.dylib
0x0000000007668000 	/System/Library/Frameworks/CoreServices.framework/Versions/A/Frameworks/FSEvents.framework/Versions/A/FSEvents
0x0000000007668000 	/System/Library/Frameworks/CoreServices.framework/Versions/A/Frameworks/CarbonCore.framework/Versions/A/CarbonCore
0x0000000007668000 	/System/Library/Frameworks/CoreServices.framework/Versions/A/Frameworks/Metadata.framework/Versions/A/Metadata
0x0000000007668000 	/System/Library/Frameworks/CoreServices.framework/Versions/A/Frameworks/OSServices.framework/Versions/A/OSServices
0x0000000007668000 	/System/Library/Frameworks/CoreServices.framework/Versions/A/Frameworks/SearchKit.framework/Versions/A/SearchKit
0x0000000007668000 	/System/Library/Frameworks/CoreServices.framework/Versions/A/Frameworks/AE.framework/Versions/A/AE
0x0000000007668000 	/System/Library/Frameworks/CoreServices.framework/Versions/A/Frameworks/LaunchServices.framework/Versions/A/LaunchServices
0x0000000007668000 	/System/Library/Frameworks/CoreServices.framework/Versions/A/Frameworks/DictionaryServices.framework/Versions/A/DictionaryServices
0x0000000007668000 	/System/Library/Frameworks/CoreServices.framework/Versions/A/Frameworks/SharedFileList.framework/Versions/A/SharedFileList
0x0000000007668000 	/System/Library/Frameworks/NetFS.framework/Versions/A/NetFS
0x0000000007668000 	/System/Library/PrivateFrameworks/NetAuth.framework/Versions/A/NetAuth
0x0000000007668000 	/System/Library/PrivateFrameworks/login.framework/Versions/A/Frameworks/loginsupport.framework/Versions/A/loginsupport
0x0000000007668000 	/System/Library/PrivateFrameworks/TCC.framework/Versions/A/TCC
0x0000000007668000 	/usr/lib/libmecabra.dylib
0x0000000007668000 	/System/Library/Frameworks/ApplicationServices.framework/Versions/A/Frameworks/ATS.framework/Versions/A/ATS
0x0000000007668000 	/System/Library/Frameworks/ApplicationServices.framework/Versions/A/Frameworks/ColorSync.framework/Versions/A/ColorSync
0x0000000007668000 	/System/Library/Frameworks/ApplicationServices.framework/Versions/A/Frameworks/HIServices.framework/Versions/A/HIServices
0x0000000007668000 	/System/Library/Frameworks/ApplicationServices.framework/Versions/A/Frameworks/LangAnalysis.framework/Versions/A/LangAnalysis
0x0000000007668000 	/System/Library/Frameworks/ApplicationServices.framework/Versions/A/Frameworks/PrintCore.framework/Versions/A/PrintCore
0x0000000007668000 	/System/Library/Frameworks/ApplicationServices.framework/Versions/A/Frameworks/QD.framework/Versions/A/QD
0x0000000007668000 	/System/Library/Frameworks/ApplicationServices.framework/Versions/A/Frameworks/SpeechSynthesis.framework/Versions/A/SpeechSynthesis
0x0000000007668000 	/System/Library/Frameworks/Accelerate.framework/Versions/A/Frameworks/vImage.framework/Versions/A/vImage
0x0000000007668000 	/System/Library/Frameworks/Accelerate.framework/Versions/A/Frameworks/vecLib.framework/Versions/A/vecLib
0x0000000007668000 	/System/Library/Frameworks/Accelerate.framework/Versions/A/Frameworks/vecLib.framework/Versions/A/libvDSP.dylib
0x0000000007668000 	/System/Library/Frameworks/Accelerate.framework/Versions/A/Frameworks/vecLib.framework/Versions/A/libBNNS.dylib
0x0000000007668000 	/System/Library/Frameworks/Accelerate.framework/Versions/A/Frameworks/vecLib.framework/Versions/A/libQuadrature.dylib
0x0000000007668000 	/System/Library/Frameworks/Accelerate.framework/Versions/A/Frameworks/vecLib.framework/Versions/A/libvMisc.dylib
0x0000000007668000 	/System/Library/Frameworks/Accelerate.framework/Versions/A/Frameworks/vecLib.framework/Versions/A/libLAPACK.dylib
0x0000000007668000 	/System/Library/Frameworks/Accelerate.framework/Versions/A/Frameworks/vecLib.framework/Versions/A/libBLAS.dylib
0x0000000007668000 	/System/Library/Frameworks/Accelerate.framework/Versions/A/Frameworks/vecLib.framework/Versions/A/libLinearAlgebra.dylib
0x0000000007668000 	/System/Library/Frameworks/Accelerate.framework/Versions/A/Frameworks/vecLib.framework/Versions/A/libSparseBLAS.dylib
0x0000000007668000 	/System/Library/Frameworks/ApplicationServices.framework/Versions/A/Frameworks/ATS.framework/Versions/A/Resources/libFontParser.dylib
0x0000000007668000 	/System/Library/Frameworks/ApplicationServices.framework/Versions/A/Frameworks/ATS.framework/Versions/A/Resources/libFontRegistry.dylib
0x0000000007668000 	/System/Library/Frameworks/ImageIO.framework/Versions/A/Resources/libJPEG.dylib
0x0000000007668000 	/System/Library/Frameworks/ImageIO.framework/Versions/A/Resources/libTIFF.dylib
0x0000000007668000 	/System/Library/Frameworks/ImageIO.framework/Versions/A/Resources/libPng.dylib
0x0000000007668000 	/System/Library/Frameworks/ImageIO.framework/Versions/A/Resources/libGIF.dylib
0x0000000007668000 	/System/Library/Frameworks/ImageIO.framework/Versions/A/Resources/libJP2.dylib
0x0000000007668000 	/System/Library/Frameworks/ImageIO.framework/Versions/A/Resources/libRadiance.dylib
0x0000000007668000 	/usr/lib/libcompression.dylib
0x0000000007668000 	/System/Library/PrivateFrameworks/AppleJPEG.framework/Versions/A/AppleJPEG
0x0000000007668000 	/usr/lib/libcups.2.dylib
0x0000000007668000 	/System/Library/Frameworks/Kerberos.framework/Versions/A/Kerberos
0x0000000007668000 	/System/Library/Frameworks/GSS.framework/Versions/A/GSS
0x0000000007668000 	/usr/lib/libresolv.9.dylib
0x0000000007668000 	/usr/lib/libiconv.2.dylib
0x0000000007668000 	/System/Library/PrivateFrameworks/Heimdal.framework/Versions/A/Heimdal
0x0000000007668000 	/usr/lib/libheimdal-asn1.dylib
0x0000000007668000 	/System/Library/Frameworks/OpenDirectory.framework/Versions/A/OpenDirectory
0x0000000007668000 	/System/Library/PrivateFrameworks/CommonAuth.framework/Versions/A/CommonAuth
0x0000000007668000 	/System/Library/Frameworks/OpenDirectory.framework/Versions/A/Frameworks/CFOpenDirectory.framework/Versions/A/CFOpenDirectory
0x0000000007668000 	/System/Library/Frameworks/SecurityFoundation.framework/Versions/A/SecurityFoundation
0x0000000007668000 	/System/Library/PrivateFrameworks/LanguageModeling.framework/Versions/A/LanguageModeling
0x0000000007668000 	/usr/lib/libmarisa.dylib
0x0000000007668000 	/usr/lib/libChineseTokenizer.dylib
0x0000000007668000 	/usr/lib/libcmph.dylib
0x0000000007668000 	/System/Library/PrivateFrameworks/CoreEmoji.framework/Versions/A/CoreEmoji
0x0000000007668000 	/System/Library/Frameworks/ServiceManagement.framework/Versions/A/ServiceManagement
0x0000000007668000 	/usr/lib/libxslt.1.dylib
0x0000000007668000 	/System/Library/Frameworks/Carbon.framework/Versions/A/Frameworks/Ink.framework/Versions/A/Ink
0x0000000007668000 	/System/Library/PrivateFrameworks/TextureIO.framework/Versions/A/TextureIO
0x0000000007668000 	/System/Library/Frameworks/Metal.framework/Versions/A/Metal
0x0000000007668000 	/usr/lib/libate.dylib
0x0000000007668000 	/System/Library/PrivateFrameworks/GPUCompiler.framework/libmetal_timestamp.dylib
0x0000000007668000 	/System/Library/Frameworks/OpenGL.framework/Versions/A/Libraries/libCoreFSCache.dylib
0x0000000007668000 	/System/Library/PrivateFrameworks/IOAccelerator.framework/Versions/A/IOAccelerator
0x0000000007668000 	/System/Library/Frameworks/CoreVideo.framework/Versions/A/CoreVideo
0x0000000007668000 	/usr/lib/libFosl_dynamic.dylib
0x0000000007668000 	/System/Library/PrivateFrameworks/MetalPerformanceShaders.framework/Versions/A/MetalPerformanceShaders
0x0000000007668000 	/System/Library/PrivateFrameworks/FaceCore.framework/Versions/A/FaceCore
0x0000000007668000 	/System/Library/Frameworks/OpenCL.framework/Versions/A/OpenCL
0x0000000007668000 	/System/Library/Frameworks/OpenGL.framework/Versions/A/Libraries/libGLU.dylib
0x0000000007668000 	/System/Library/Frameworks/OpenGL.framework/Versions/A/Libraries/libGFXShared.dylib
0x0000000007668000 	/System/Library/Frameworks/OpenGL.framework/Versions/A/Libraries/libGL.dylib
0x0000000007668000 	/System/Library/Frameworks/OpenGL.framework/Versions/A/Libraries/libGLImage.dylib
0x0000000007668000 	/System/Library/Frameworks/OpenGL.framework/Versions/A/Libraries/libCVMSPluginSupport.dylib
0x0000000007668000 	/System/Library/Frameworks/OpenGL.framework/Versions/A/Libraries/libCoreVMClient.dylib
0x0000000007668000 	/System/Library/PrivateFrameworks/CrashReporterSupport.framework/Versions/A/CrashReporterSupport
0x0000000007668000 	/System/Library/PrivateFrameworks/Sharing.framework/Versions/A/Sharing
0x0000000007668000 	/System/Library/PrivateFrameworks/IconServices.framework/Versions/A/IconServices
0x0000000007668000 	/System/Library/PrivateFrameworks/ProtocolBuffer.framework/Versions/A/ProtocolBuffer
0x0000000007668000 	/System/Library/PrivateFrameworks/Apple80211.framework/Versions/A/Apple80211
0x0000000007668000 	/System/Library/Frameworks/CoreWLAN.framework/Versions/A/CoreWLAN
0x0000000007668000 	/System/Library/PrivateFrameworks/CoreUtils.framework/Versions/A/CoreUtils
0x0000000007668000 	/System/Library/Frameworks/IOBluetooth.framework/Versions/A/IOBluetooth
0x0000000007668000 	/System/Library/PrivateFrameworks/CoreWiFi.framework/Versions/A/CoreWiFi
0x0000000007668000 	/System/Library/Frameworks/CoreBluetooth.framework/Versions/A/CoreBluetooth
0x0000000007668000 	/System/Library/Frameworks/CoreDisplay.framework/Versions/A/CoreDisplay
0x0000000007668000 	/System/Library/PrivateFrameworks/IOPresentment.framework/Versions/A/IOPresentment
0x0000000007668000 	/System/Library/PrivateFrameworks/DebugSymbols.framework/Versions/A/DebugSymbols
0x0000000007668000 	/System/Library/PrivateFrameworks/CoreSymbolication.framework/Versions/A/CoreSymbolication
0x0000000007668000 	/System/Library/PrivateFrameworks/Symbolication.framework/Versions/A/Symbolication
0x0000000007668000 	/System/Library/PrivateFrameworks/AppleFSCompression.framework/Versions/A/AppleFSCompression
0x0000000007668000 	/System/Library/PrivateFrameworks/SpeechRecognitionCore.framework/Versions/A/SpeechRecognitionCore
0x0000000007668000 	/System/Library/PrivateFrameworks/ChunkingLibrary.framework/Versions/A/ChunkingLibrary
0x000000010ba41000 	/Library/Java/JavaVirtualMachines/jdk1.8.0_102.jdk/Contents/Home/jre/lib/server/libjvm.dylib
0x0000000007668000 	/usr/lib/libstdc++.6.dylib
0x000000010c9e2000 	/Library/Java/JavaVirtualMachines/jdk1.8.0_102.jdk/Contents/Home/jre/lib/libverify.dylib
0x000000010d200000 	/Library/Java/JavaVirtualMachines/jdk1.8.0_102.jdk/Contents/Home/jre/lib/libjava.dylib
0x000000010d235000 	/Library/Java/JavaVirtualMachines/jdk1.8.0_102.jdk/Contents/Home/jre/lib/libzip.dylib
0x0000000113b79000 	/System/Library/Frameworks/JavaVM.framework/Frameworks/JavaRuntimeSupport.framework/JavaRuntimeSupport
0x0000000113b93000 	/System/Library/Frameworks/JavaVM.framework/Versions/A/Frameworks/JavaNativeFoundation.framework/Versions/A/JavaNativeFoundation
0x0000000113ba8000 	/System/Library/Frameworks/JavaVM.framework/Versions/A/JavaVM
0x0000000007668000 	/System/Library/Frameworks/Carbon.framework/Versions/A/Carbon
0x0000000113bb5000 	/System/Library/PrivateFrameworks/JavaLaunching.framework/Versions/A/JavaLaunching
0x0000000007668000 	/System/Library/Frameworks/Carbon.framework/Versions/A/Frameworks/CommonPanels.framework/Versions/A/CommonPanels
0x0000000007668000 	/System/Library/Frameworks/Carbon.framework/Versions/A/Frameworks/Help.framework/Versions/A/Help
0x0000000007668000 	/System/Library/Frameworks/Carbon.framework/Versions/A/Frameworks/ImageCapture.framework/Versions/A/ImageCapture
0x0000000007668000 	/System/Library/Frameworks/Carbon.framework/Versions/A/Frameworks/OpenScripting.framework/Versions/A/OpenScripting
0x0000000007668000 	/System/Library/Frameworks/Carbon.framework/Versions/A/Frameworks/Print.framework/Versions/A/Print
0x0000000007668000 	/System/Library/Frameworks/Carbon.framework/Versions/A/Frameworks/SecurityHI.framework/Versions/A/SecurityHI
0x0000000115554000 	/Library/Java/JavaVirtualMachines/jdk1.8.0_102.jdk/Contents/Home/jre/lib/libprism_es2.dylib
0x0000000007668000 	/System/Library/Frameworks/OpenGL.framework/Versions/A/Resources/GLEngine.bundle/GLEngine
0x0000000007668000 	/System/Library/Frameworks/OpenGL.framework/Versions/A/Libraries/libGLProgrammability.dylib
0x00000001155ba000 	/System/Library/Extensions/AppleIntelHD5000GraphicsGLDriver.bundle/Contents/MacOS/AppleIntelHD5000GraphicsGLDriver
0x0000000007668000 	/System/Library/PrivateFrameworks/GPUSupport.framework/Versions/A/Libraries/libGPUSupportMercury.dylib
0x0000000007668000 	/System/Library/Frameworks/OpenGL.framework/Versions/A/Resources/GLRendererFloat.bundle/GLRendererFloat
0x0000000007668000 	/System/Library/Frameworks/OpenCL.framework/Versions/A/Libraries/libcldcpuengine.dylib
0x0000000007668000 	/usr/lib/libcrypto.0.9.8.dylib
0x0000000007668000 	/System/Library/PrivateFrameworks/TrustEvaluationAgent.framework/Versions/A/TrustEvaluationAgent
0x000000011616c000 	/Library/Java/JavaVirtualMachines/jdk1.8.0_102.jdk/Contents/Home/jre/lib/libglass.dylib
0x0000000007668000 	/System/Library/PrivateFrameworks/CoreServicesInternal.framework/Versions/A/CoreServicesInternal
0x0000000007668000 	/System/Library/CoreServices/RawCamera.bundle/Contents/MacOS/RawCamera
0x0000000007668000 	/System/Library/Frameworks/Accelerate.framework/Versions/A/Frameworks/vImage.framework/Versions/A/Libraries/libCGInterfaces.dylib
0x0000000007668000 	/System/Library/PrivateFrameworks/FamilyControls.framework/Versions/A/FamilyControls
0x0000000007668000 	/System/Library/PrivateFrameworks/CommerceKit.framework/Versions/A/Frameworks/CommerceCore.framework/Versions/A/CommerceCore
0x0000000007668000 	/System/Library/PrivateFrameworks/SystemAdministration.framework/Versions/A/SystemAdministration
0x0000000007668000 	/System/Library/PrivateFrameworks/AppContainer.framework/Versions/A/AppContainer
0x0000000007668000 	/System/Library/PrivateFrameworks/SecCodeWrapper.framework/Versions/A/SecCodeWrapper
0x0000000007668000 	/System/Library/Frameworks/DirectoryService.framework/Versions/A/DirectoryService
0x0000000007668000 	/System/Library/PrivateFrameworks/DiskImages.framework/Versions/A/DiskImages
0x0000000007668000 	/System/Library/PrivateFrameworks/LoginUIKit.framework/Versions/A/Frameworks/LoginUICore.framework/Versions/A/LoginUICore
0x0000000007668000 	/usr/lib/libCoreStorage.dylib
0x0000000007668000 	/usr/lib/libcsfde.dylib
0x0000000007668000 	/usr/lib/libodfde.dylib
0x0000000007668000 	/System/Library/Frameworks/DiscRecording.framework/Versions/A/DiscRecording
0x0000000007668000 	/usr/lib/libcurl.4.dylib
0x0000000007668000 	/System/Library/PrivateFrameworks/MediaKit.framework/Versions/A/MediaKit
0x0000000007668000 	/System/Library/PrivateFrameworks/ProtectedCloudStorage.framework/Versions/A/ProtectedCloudStorage
0x0000000007668000 	/System/Library/PrivateFrameworks/EFILogin.framework/Versions/A/EFILogin
0x0000000007668000 	/usr/lib/libutil.dylib
0x0000000007668000 	/System/Library/Frameworks/LDAP.framework/Versions/A/LDAP
0x0000000007668000 	/usr/lib/libsasl2.2.dylib
0x0000000007668000 	/System/Library/PrivateFrameworks/CoreDaemon.framework/Versions/B/CoreDaemon
0x0000000007668000 	/System/Library/PrivateFrameworks/AppleSRP.framework/Versions/A/AppleSRP
0x0000000007668000 	/System/Library/PrivateFrameworks/APFS.framework/Versions/A/APFS
0x000000012866b000 	/Library/Java/JavaVirtualMachines/jdk1.8.0_102.jdk/Contents/Home/jre/lib/libjavafx_font.dylib
0x0000000007668000 	/System/Library/Frameworks/ApplicationServices.framework/Versions/A/Frameworks/ATS.framework/Versions/A/Resources/libTrueTypeScaler.dylib
0x000000012c938000 	/System/Library/Extensions/AppleIntelHD5000GraphicsMTLDriver.bundle/Contents/MacOS/AppleIntelHD5000GraphicsMTLDriver
0x0000000007668000 	/System/Library/PrivateFrameworks/ViewBridge.framework/Versions/A/ViewBridge
0x0000000007668000 	/System/Library/PrivateFrameworks/XPCService.framework/Versions/A/XPCService
0x0000000007668000 	/System/Library/PrivateFrameworks/AppSandbox.framework/Versions/A/AppSandbox
0x0000000007668000 	/usr/lib/libsandbox.1.dylib
0x0000000007668000 	/usr/lib/libMatch.1.dylib
0x000000012caa3000 	/Library/Java/JavaVirtualMachines/jdk1.8.0_102.jdk/Contents/Home/jre/lib/libprism_common.dylib
0x000000012a135000 	/Library/Java/JavaVirtualMachines/jdk1.8.0_102.jdk/Contents/Home/jre/lib/libawt.dylib
0x000000012a1dd000 	/Library/Java/JavaVirtualMachines/jdk1.8.0_102.jdk/Contents/Home/jre/lib/./libmlib_image.dylib
0x0000000130ee8000 	/Library/Java/JavaVirtualMachines/jdk1.8.0_102.jdk/Contents/Home/jre/lib/libawt_lwawt.dylib
0x0000000128106000 	/Library/Java/JavaVirtualMachines/jdk1.8.0_102.jdk/Contents/Home/jre/lib/./libosxapp.dylib
0x0000000007668000 	/System/Library/Frameworks/ExceptionHandling.framework/Versions/A/ExceptionHandling
0x00000001315dd000 	/Library/Java/JavaVirtualMachines/jdk1.8.0_102.jdk/Contents/Home/jre/lib/libfontmanager.dylib
0x00000001295a6000 	/Library/Java/JavaVirtualMachines/jdk1.8.0_102.jdk/Contents/Home/jre/lib/libosxui.dylib
0x00000001303cc000 	/private/var/folders/xx/tnbcpn897sxcjnnd_vw4qgvh0000gn/T/jna--933615112/jna2164507007884895857.tmp
0x000000013349e000 	/var/folders/xx/tnbcpn897sxcjnnd_vw4qgvh0000gn/T/tess4j/darwin/libtesseract.dylib
0x0000000132e03000 	/opt/local/lib/liblept.5.dylib
0x00000001303e1000 	/opt/local/lib/libz.1.dylib
0x0000000130ae7000 	/opt/local/lib/libpng16.16.dylib
0x0000000130b13000 	/opt/local/lib/libjpeg.9.dylib
0x00000001303a3000 	/opt/local/lib/libgif.4.dylib
0x0000000130b46000 	/opt/local/lib/libtiff.5.dylib
0x000000013184a000 	/opt/local/lib/libwebp.6.dylib
0x00000001318a1000 	/opt/local/lib/libopenjp2.7.dylib
0x00000001303f4000 	/opt/local/lib/libSM.6.dylib
0x00000001318cc000 	/opt/local/lib/libICE.6.dylib
0x000000013194a000 	/opt/local/lib/libX11.6.dylib
0x00000001318e5000 	/opt/local/lib/libxcb.1.dylib
0x000000012cab1000 	/opt/local/lib/libXau.6.dylib
0x00000001303fd000 	/opt/local/lib/libXdmcp.6.dylib
0x0000000132fe4000 	/opt/local/lib/liblzma.5.dylib
0x0000000130bac000 	/Library/Java/JavaVirtualMachines/jdk1.8.0_102.jdk/Contents/Home/jre/lib/libnio.dylib
0x0000000133205000 	/Library/Java/JavaVirtualMachines/jdk1.8.0_102.jdk/Contents/Home/jre/lib/./libnet.dylib
0x000000012559a000 	/Library/Java/JavaVirtualMachines/jdk1.8.0_102.jdk/Contents/Home/jre/lib/libjsound.dylib
0x0000000130e6a000 	/System/Library/Frameworks/CoreMIDI.framework/Versions/A/CoreMIDI
0x00000001283f9000 	/usr/lib/libexpat.1.dylib
0x00000001255ad000 	/System/Library/Extensions/AppleHDA.kext/Contents/PlugIns/AppleHDAHALPlugIn.bundle/Contents/MacOS/AppleHDAHALPlugIn
0x0000000136343000 	/System/Library/Components/CoreAudio.component/Contents/MacOS/CoreAudio

VM Arguments:
jvm_args: -Dfile.encoding=UTF-8 
java_command: /Users/andreqbs/NetBeansProjects/meuprimeirogit/dist/run762196375/RoulleteBet.jar
java_class_path (initial): /Users/andreqbs/NetBeansProjects/meuprimeirogit/dist/run762196375/RoulleteBet.jar
Launcher Type: SUN_STANDARD

Environment Variables:
PATH=/usr/bin:/bin:/usr/sbin:/sbin
LD_LIBRARY_PATH=/Library/Java/JavaVirtualMachines/jdk1.8.0_102.jdk/Contents/Home/jre/lib/amd64:/Library/Java/JavaVirtualMachines/jdk1.8.0_102.jdk/Contents/Home/jre/lib/i386:
SHELL=/bin/bash

Signal Handlers:
SIGSEGV: [libjvm.dylib+0x5b0579], sa_mask[0]=11111111011111110111111111111111, sa_flags=SA_ONSTACK|SA_RESTART|SA_SIGINFO
SIGBUS: [libjvm.dylib+0x5b0579], sa_mask[0]=11111111011111110111111111111111, sa_flags=SA_RESTART|SA_SIGINFO
SIGFPE: [libjvm.dylib+0x4874e4], sa_mask[0]=11111111011111110111111111111111, sa_flags=SA_RESTART|SA_SIGINFO
SIGPIPE: [libjvm.dylib+0x4874e4], sa_mask[0]=11111111011111110111111111111111, sa_flags=SA_RESTART|SA_SIGINFO
SIGXFSZ: [libjvm.dylib+0x4874e4], sa_mask[0]=11111111011111110111111111111111, sa_flags=SA_RESTART|SA_SIGINFO
SIGILL: [libjvm.dylib+0x4874e4], sa_mask[0]=11111111011111110111111111111111, sa_flags=SA_RESTART|SA_SIGINFO
SIGUSR1: SIG_DFL, sa_mask[0]=00000000000000000000000000000000, sa_flags=none
SIGUSR2: [libjvm.dylib+0x487002], sa_mask[0]=00100000000000000000000000000000, sa_flags=SA_RESTART|SA_SIGINFO
SIGHUP: [libjvm.dylib+0x4855d9], sa_mask[0]=11111111011111110111111111111111, sa_flags=SA_RESTART|SA_SIGINFO
SIGINT: SIG_IGN, sa_mask[0]=00000000000000000000000000000000, sa_flags=none
SIGTERM: [libjvm.dylib+0x4855d9], sa_mask[0]=11111111011111110111111111111111, sa_flags=SA_RESTART|SA_SIGINFO
SIGQUIT: [libjvm.dylib+0x4855d9], sa_mask[0]=11111111011111110111111111111111, sa_flags=SA_RESTART|SA_SIGINFO


---------------  S Y S T E M  ---------------

OS:Bsduname:Darwin 16.0.0 Darwin Kernel Version 16.0.0: Mon Aug 29 17:56:20 PDT 2016; root:xnu-3789.1.32~3/RELEASE_X86_64 x86_64
rlimit: STACK 8192k, CORE 0k, NPROC 709, NOFILE 10240, AS infinity
load average:3.64 3.83 2.99

CPU:total 4 (2 cores per cpu, 2 threads per core) family 6 model 69 stepping 1, cmov, cx8, fxsr, mmx, sse, sse2, sse3, ssse3, sse4.1, sse4.2, popcnt, avx, avx2, aes, clmul, erms, lzcnt, ht, tsc, tscinvbit, bmi1, bmi2

Memory: 4k page, physical 8388608k(762216k free)

/proc/meminfo:


vm_info: Java HotSpot(TM) 64-Bit Server VM (25.102-b14) for bsd-amd64 JRE (1.8.0_102-b14), built on Jun 22 2016 11:42:36 by "java_re" with gcc 4.2.1 (Based on Apple Inc. build 5658) (LLVM build 2336.11.00)

time: Thu Nov  3 23:14:52 2016
elapsed time: 204 seconds (0d 0h 3m 24s)

