#
# A fatal error has been detected by the Java Runtime Environment:
#
#  SIGSEGV (0xb) at pc=0x000000010d28517a, pid=3082, tid=0x000000000000080b
#
# JRE version: Java(TM) SE Runtime Environment (8.0_102-b14) (build 1.8.0_102-b14)
# Java VM: Java HotSpot(TM) 64-Bit Server VM (25.102-b14 mixed mode bsd-amd64 compressed oops)
# Problematic frame:
# V  [libjvm.dylib+0x16a17a]
#
# Failed to write core dump. Core dumps have been disabled. To enable core dumping, try "ulimit -c unlimited" before starting Java again
#
# If you would like to submit a bug report, please visit:
#   http://bugreport.java.com/bugreport/crash.jsp
#

---------------  T H R E A D  ---------------

Current thread is native thread

siginfo: si_signo: 11 (SIGSEGV), si_code: 1 (SEGV_MAPERR), si_addr: 0x0000000000000270

Registers:
RAX=0x0000000000000000, RBX=0x0000000000000000, RCX=0x000000010d42edcf, RDX=0x00007fa7679051f8
RSP=0x00007fff52b8fb10, RBP=0x00007fff52b8fb20, RSI=0x0000000000000006, RDI=0x00007fff52b8fb60
R8 =0x000000000000004a, R9 =0x000000003f800000, R10=0x0000000111271e90, R11=0x00007fa76d41b710
R12=0x00007fa7679051f8, R13=0x00007fa76d5366e0, R14=0x00007fa7679051f8, R15=0x0000000000000000
RIP=0x000000010d28517a, EFLAGS=0x0000000000010246, ERR=0x0000000000000006
  TRAPNO=0x000000000000000e

Top of Stack: (sp=0x00007fff52b8fb10)
0x00007fff52b8fb10:   00007fa76760c2a0 00007fa7679051f8
0x00007fff52b8fb20:   00007fff52b8fb80 000000010d42edff
0x00007fff52b8fb30:   ca6dd43ab38700cd 00007fa76d001b30
0x00007fff52b8fb40:   00007fa768a80400 00007fa76d535570
0x00007fff52b8fb50:   00007fff52b8fb80 00000001311986e9
0x00007fff52b8fb60:   0000000000000000 00007fa769ce59e0
0x00007fff52b8fb70:   00007fa768a80400 00007fa76d535570
0x00007fff52b8fb80:   00007fff52b8fbe0 00000001322a68d5
0x00007fff52b8fb90:   ca6dd43ab38700cd 0000000000000000
0x00007fff52b8fba0:   40e034553a1dba14 0000000000000000
0x00007fff52b8fbb0:   00007fff52b8fbe0 00007fa76d535570
0x00007fff52b8fbc0:   00007fa76d001b30 00007fa76d5366e0
0x00007fff52b8fbd0:   00007fa76d535570 00007fff90fb8b40
0x00007fff52b8fbe0:   00007fff52b8fc60 00007fff8247ec81
0x00007fff52b8fbf0:   00007fa76891be00 0000000000000000
0x00007fff52b8fc00:   0000004a52b8fc40 00007fa768a80400
0x00007fff52b8fc10:   0000000000000000 0000000000000000
0x00007fff52b8fc20:   0000000400000000 40e034553a1dba14
0x00007fff52b8fc30:   00007fff52b8fc60 00007fa76d535570
0x00007fff52b8fc40:   0000000000000004 0000000000000000
0x00007fff52b8fc50:   00007fff90fb8b40 00007fff7b0354ff
0x00007fff52b8fc60:   00007fff52b8fcd0 00007fff8247e7ff
0x00007fff52b8fc70:   4000000000000000 4042800000000000
0x00007fff52b8fc80:   4042800000000000 0000000000000000
0x00007fff52b8fc90:   0000000000000000 4042800000000000
0x00007fff52b8fca0:   4042800000000000 00007fff52b8fda0
0x00007fff52b8fcb0:   00007fa769e010d8 0000000000000000
0x00007fff52b8fcc0:   00007fff7b03dc26 00007fa76891be00
0x00007fff52b8fcd0:   00007fff52b90da0 00007fff824919a6
0x00007fff52b8fce0:   00007fff52b90da0 00007fff8249187c
0x00007fff52b8fcf0:   00007fa769e010d8 00007fa769e010d8
0x00007fff52b8fd00:   00007fa769e01030 00007fa76891be00 

Instructions: (pc=0x000000010d28517a)
0x000000010d28515a:   0e 48 8b 0b 49 8b 56 18 48 63 c0 48 89 0c c2 5b
0x000000010d28516a:   41 5e 5d c3 90 90 55 48 89 e5 41 56 53 48 8b 1f
0x000000010d28517a:   c7 83 70 02 00 00 05 00 00 00 48 8d 05 2d 51 78
0x000000010d28518a:   00 8b 00 83 f8 01 41 89 f6 75 0c 48 8d 0d 7a bc 

Register to memory mapping:

RAX=0x0000000000000000 is an unknown value
RBX=0x0000000000000000 is an unknown value
RCX=0x000000010d42edcf: jni_NewLocalRef+0 in /Library/Java/JavaVirtualMachines/jdk1.8.0_102.jdk/Contents/Home/jre/lib/server/libjvm.dylib at 0x000000010d11b000
RDX=0x00007fa7679051f8 is an unknown value
RSP=0x00007fff52b8fb10 is an unknown value
RBP=0x00007fff52b8fb20 is an unknown value
RSI=0x0000000000000006 is an unknown value
RDI=0x00007fff52b8fb60 is an unknown value
R8 =0x000000000000004a is an unknown value
R9 =0x000000003f800000 is an unknown value
R10=0x0000000111271e90: OBJC_CLASS_$_JNFJObjectWrapper+0 in /System/Library/Frameworks/JavaVM.framework/Versions/A/Frameworks/JavaNativeFoundation.framework/Versions/A/JavaNativeFoundation at 0x0000000111267000
R11=0x00007fa76d41b710 is an unknown value
R12=0x00007fa7679051f8 is an unknown value
R13=0x00007fa76d5366e0 is an unknown value
R14=0x00007fa7679051f8 is an unknown value
R15=0x0000000000000000 is an unknown value


Stack: [0x00007fff52394000,0x00007fff52b94000],  sp=0x00007fff52b8fb10,  free space=8174k
Native frames: (J=compiled Java code, j=interpreted, Vv=VM code, C=native code)
V  [libjvm.dylib+0x16a17a]
V  [libjvm.dylib+0x313dff]
C  [libawt_lwawt.dylib+0x198d5]  -[CGLLayer drawInCGLContext:pixelFormat:forLayerTime:displayTime:]+0xee
C  [QuartzCore+0x110c81]  _ZL17CAOpenGLLayerDrawP13CAOpenGLLayerdPK11CVTimeStampj+0x369
C  [QuartzCore+0x1107ff]  -[CAOpenGLLayer _display]+0x15f
C  [QuartzCore+0x1239a6]  _ZN2CA5Layer17display_if_neededEPNS_11TransactionE+0x23c
C  [QuartzCore+0x123ad1]  _ZN2CA5Layer28layout_and_display_if_neededEPNS_11TransactionE+0x23
C  [QuartzCore+0x1192e8]  _ZN2CA7Context18commit_transactionEPNS_11TransactionE+0x118
C  [QuartzCore+0x105e5]  _ZN2CA11Transaction6commitEv+0x1db
C  [QuartzCore+0x10f46]  _ZN2CA11Transaction17observer_callbackEP19__CFRunLoopObservermPv+0x6c
C  [CoreFoundation+0xa6f67]  __CFRUNLOOP_IS_CALLING_OUT_TO_AN_OBSERVER_CALLBACK_FUNCTION__+0x17
C  [CoreFoundation+0xa6ed7]  __CFRunLoopDoObservers+0x187
C  [CoreFoundation+0x87cce]  __CFRunLoopRun+0x4be
C  [CoreFoundation+0x875b4]  CFRunLoopRunSpecific+0x1a4
C  [java+0x6465]  CreateExecutionEnvironment+0x367
C  [java+0x218c]  JLI_Launch+0x7a0
C  [java+0x84c2]  main+0x65
C  [java+0x19e4]  start+0x34


---------------  P R O C E S S  ---------------

VM state:not at safepoint (normal execution)

VM Mutex/Monitor currently owned by a thread: None

Heap:
 PSYoungGen      total 40448K, used 23138K [0x0000000795580000, 0x0000000798900000, 0x00000007c0000000)
  eden space 30208K, 54% used [0x0000000795580000,0x000000079659e8b8,0x0000000797300000)
  from space 10240K, 64% used [0x0000000797f00000,0x000000079857a050,0x0000000798900000)
  to   space 11264K, 0% used [0x0000000797300000,0x0000000797300000,0x0000000797e00000)
 ParOldGen       total 53760K, used 12181K [0x0000000740000000, 0x0000000743480000, 0x0000000795580000)
  object space 53760K, 22% used [0x0000000740000000,0x0000000740be56a0,0x0000000743480000)
 Metaspace       used 32806K, capacity 34226K, committed 34560K, reserved 1079296K
  class space    used 4294K, capacity 4555K, committed 4608K, reserved 1048576K

Card table byte_map: [0x000000010edc0000,0x000000010f1c1000] byte_map_base: 0x000000010b3c0000

Marking Bits: (ParMarkBitMap*) 0x000000010da0ad20
 Begin Bits: [0x0000000120f86000, 0x0000000122f86000)
 End Bits:   [0x0000000122f86000, 0x0000000124f86000)

Polling page: 0x000000010e0ff000

CodeCache: size=245760Kb used=18395Kb max_used=18403Kb free=227365Kb
 bounds [0x0000000111f86000, 0x00000001131a6000, 0x0000000120f86000]
 total_blobs=6340 nmethods=5436 adapters=816
 compilation: enabled

Compilation events (10 events):
Event: 1426.701 Thread 0x00007fa768009000 6523       3       javafx.scene.layout.Region::computeMaxMinAreaWidth (18 bytes)
Event: 1426.702 Thread 0x00007fa768009000 nmethod 6523 0x0000000113193410 code [0x0000000113193580, 0x00000001131937c8]
Event: 1426.702 Thread 0x00007fa768009000 6524       3       javafx.scene.layout.VBox::computeMinHeight (34 bytes)
Event: 1426.703 Thread 0x00007fa768009000 nmethod 6524 0x0000000113195990 code [0x0000000113195b80, 0x0000000113196648]
Event: 1427.913 Thread 0x00007fa768008000 6525       4       com.sun.javafx.collections.ObservableMapWrapper::isEmpty (10 bytes)
Event: 1427.914 Thread 0x00007fa768008000 nmethod 6525 0x00000001127f8350 code [0x00000001127f84a0, 0x00000001127f8558]
Event: 1429.700 Thread 0x00007fa768009000 6526       3       java.lang.invoke.MethodHandles$Lookup::findStatic (27 bytes)
Event: 1429.701 Thread 0x00007fa768009000 nmethod 6526 0x0000000113192d90 code [0x0000000113192f20, 0x00000001131932c8]
Event: 1429.736 Thread 0x00007fa768009000 6527       3       jdk.internal.org.objectweb.asm.MethodVisitor::visitInsn (16 bytes)
Event: 1429.737 Thread 0x00007fa768009000 nmethod 6527 0x0000000113192910 code [0x0000000113192a80, 0x0000000113192ce8]

GC Heap History (10 events):
Event: 396.880 GC heap before
{Heap before GC invocations=7 (full 1):
 PSYoungGen      total 37888K, used 37864K [0x0000000795580000, 0x0000000798e80000, 0x00000007c0000000)
  eden space 32768K, 100% used [0x0000000795580000,0x0000000797580000,0x0000000797580000)
  from space 5120K, 99% used [0x0000000797600000,0x0000000797afa020,0x0000000797b00000)
  to   space 12800K, 0% used [0x0000000798200000,0x0000000798200000,0x0000000798e80000)
 ParOldGen       total 53760K, used 12139K [0x0000000740000000, 0x0000000743480000, 0x0000000795580000)
  object space 53760K, 22% used [0x0000000740000000,0x0000000740bdad20,0x0000000743480000)
 Metaspace       used 31889K, capacity 33332K, committed 33536K, reserved 1079296K
  class space    used 4240K, capacity 4500K, committed 4608K, reserved 1048576K
Event: 396.908 GC heap after
Heap after GC invocations=7 (full 1):
 PSYoungGen      total 45056K, used 9013K [0x0000000795580000, 0x0000000798f00000, 0x00000007c0000000)
  eden space 32256K, 0% used [0x0000000795580000,0x0000000795580000,0x0000000797500000)
  from space 12800K, 70% used [0x0000000798200000,0x0000000798acd5b8,0x0000000798e80000)
  to   space 13312K, 0% used [0x0000000797500000,0x0000000797500000,0x0000000798200000)
 ParOldGen       total 53760K, used 12147K [0x0000000740000000, 0x0000000743480000, 0x0000000795580000)
  object space 53760K, 22% used [0x0000000740000000,0x0000000740bdcd20,0x0000000743480000)
 Metaspace       used 31889K, capacity 33332K, committed 33536K, reserved 1079296K
  class space    used 4240K, capacity 4500K, committed 4608K, reserved 1048576K
}
Event: 660.206 GC heap before
{Heap before GC invocations=8 (full 1):
 PSYoungGen      total 45056K, used 41269K [0x0000000795580000, 0x0000000798f00000, 0x00000007c0000000)
  eden space 32256K, 100% used [0x0000000795580000,0x0000000797500000,0x0000000797500000)
  from space 12800K, 70% used [0x0000000798200000,0x0000000798acd5b8,0x0000000798e80000)
  to   space 13312K, 0% used [0x0000000797500000,0x0000000797500000,0x0000000798200000)
 ParOldGen       total 53760K, used 12147K [0x0000000740000000, 0x0000000743480000, 0x0000000795580000)
  object space 53760K, 22% used [0x0000000740000000,0x0000000740bdcf38,0x0000000743480000)
 Metaspace       used 32288K, capacity 33710K, committed 34048K, reserved 1079296K
  class space    used 4274K, capacity 4537K, committed 4608K, reserved 1048576K
Event: 660.228 GC heap after
Heap after GC invocations=8 (full 1):
 PSYoungGen      total 37888K, used 6024K [0x0000000795580000, 0x0000000798d80000, 0x00000007c0000000)
  eden space 31744K, 0% used [0x0000000795580000,0x0000000795580000,0x0000000797480000)
  from space 6144K, 98% used [0x0000000797500000,0x0000000797ae2070,0x0000000797b00000)
  to   space 12800K, 0% used [0x0000000798100000,0x0000000798100000,0x0000000798d80000)
 ParOldGen       total 53760K, used 12155K [0x0000000740000000, 0x0000000743480000, 0x0000000795580000)
  object space 53760K, 22% used [0x0000000740000000,0x0000000740bdef38,0x0000000743480000)
 Metaspace       used 32288K, capacity 33710K, committed 34048K, reserved 1079296K
  class space    used 4274K, capacity 4537K, committed 4608K, reserved 1048576K
}
Event: 815.677 GC heap before
{Heap before GC invocations=9 (full 1):
 PSYoungGen      total 37888K, used 37768K [0x0000000795580000, 0x0000000798d80000, 0x00000007c0000000)
  eden space 31744K, 100% used [0x0000000795580000,0x0000000797480000,0x0000000797480000)
  from space 6144K, 98% used [0x0000000797500000,0x0000000797ae2070,0x0000000797b00000)
  to   space 12800K, 0% used [0x0000000798100000,0x0000000798100000,0x0000000798d80000)
 ParOldGen       total 53760K, used 12157K [0x0000000740000000, 0x0000000743480000, 0x0000000795580000)
  object space 53760K, 22% used [0x0000000740000000,0x0000000740bdf6a0,0x0000000743480000)
 Metaspace       used 32420K, capacity 33782K, committed 34048K, reserved 1079296K
  class space    used 4280K, capacity 4537K, committed 4608K, reserved 1048576K
Event: 815.700 GC heap after
Heap after GC invocations=9 (full 1):
 PSYoungGen      total 42496K, used 5928K [0x0000000795580000, 0x0000000798c00000, 0x00000007c0000000)
  eden space 31232K, 0% used [0x0000000795580000,0x0000000795580000,0x0000000797400000)
  from space 11264K, 52% used [0x0000000798100000,0x00000007986ca070,0x0000000798c00000)
  to   space 12288K, 0% used [0x0000000797400000,0x0000000797400000,0x0000000798000000)
 ParOldGen       total 53760K, used 12165K [0x0000000740000000, 0x0000000743480000, 0x0000000795580000)
  object space 53760K, 22% used [0x0000000740000000,0x0000000740be16a0,0x0000000743480000)
 Metaspace       used 32420K, capacity 33782K, committed 34048K, reserved 1079296K
  class space    used 4280K, capacity 4537K, committed 4608K, reserved 1048576K
}
Event: 1077.844 GC heap before
{Heap before GC invocations=10 (full 1):
 PSYoungGen      total 42496K, used 37160K [0x0000000795580000, 0x0000000798c00000, 0x00000007c0000000)
  eden space 31232K, 100% used [0x0000000795580000,0x0000000797400000,0x0000000797400000)
  from space 11264K, 52% used [0x0000000798100000,0x00000007986ca070,0x0000000798c00000)
  to   space 12288K, 0% used [0x0000000797400000,0x0000000797400000,0x0000000798000000)
 ParOldGen       total 53760K, used 12165K [0x0000000740000000, 0x0000000743480000, 0x0000000795580000)
  object space 53760K, 22% used [0x0000000740000000,0x0000000740be16a0,0x0000000743480000)
 Metaspace       used 32650K, capacity 34002K, committed 34304K, reserved 1079296K
  class space    used 4289K, capacity 4547K, committed 4608K, reserved 1048576K
Event: 1077.852 GC heap after
Heap after GC invocations=10 (full 1):
 PSYoungGen      total 37888K, used 6856K [0x0000000795580000, 0x0000000798a80000, 0x00000007c0000000)
  eden space 30720K, 0% used [0x0000000795580000,0x0000000795580000,0x0000000797380000)
  from space 7168K, 95% used [0x0000000797400000,0x0000000797ab2050,0x0000000797b00000)
  to   space 11776K, 0% used [0x0000000797f00000,0x0000000797f00000,0x0000000798a80000)
 ParOldGen       total 53760K, used 12173K [0x0000000740000000, 0x0000000743480000, 0x0000000795580000)
  object space 53760K, 22% used [0x0000000740000000,0x0000000740be36a0,0x0000000743480000)
 Metaspace       used 32650K, capacity 34002K, committed 34304K, reserved 1079296K
  class space    used 4289K, capacity 4547K, committed 4608K, reserved 1048576K
}
Event: 1288.136 GC heap before
{Heap before GC invocations=11 (full 1):
 PSYoungGen      total 37888K, used 37576K [0x0000000795580000, 0x0000000798a80000, 0x00000007c0000000)
  eden space 30720K, 100% used [0x0000000795580000,0x0000000797380000,0x0000000797380000)
  from space 7168K, 95% used [0x0000000797400000,0x0000000797ab2050,0x0000000797b00000)
  to   space 11776K, 0% used [0x0000000797f00000,0x0000000797f00000,0x0000000798a80000)
 ParOldGen       total 53760K, used 12173K [0x0000000740000000, 0x0000000743480000, 0x0000000795580000)
  object space 53760K, 22% used [0x0000000740000000,0x0000000740be36a0,0x0000000743480000)
 Metaspace       used 32782K, capacity 34130K, committed 34304K, reserved 1079296K
  class space    used 4289K, capacity 4547K, committed 4608K, reserved 1048576K
Event: 1288.150 GC heap after
Heap after GC invocations=11 (full 1):
 PSYoungGen      total 40448K, used 6632K [0x0000000795580000, 0x0000000798900000, 0x00000007c0000000)
  eden space 30208K, 0% used [0x0000000795580000,0x0000000795580000,0x0000000797300000)
  from space 10240K, 64% used [0x0000000797f00000,0x000000079857a050,0x0000000798900000)
  to   space 11264K, 0% used [0x0000000797300000,0x0000000797300000,0x0000000797e00000)
 ParOldGen       total 53760K, used 12181K [0x0000000740000000, 0x0000000743480000, 0x0000000795580000)
  object space 53760K, 22% used [0x0000000740000000,0x0000000740be56a0,0x0000000743480000)
 Metaspace       used 32782K, capacity 34130K, committed 34304K, reserved 1079296K
  class space    used 4289K, capacity 4547K, committed 4608K, reserved 1048576K
}

Deoptimization events (10 events):
Event: 679.377 Thread 0x00007fa767905000 Uncommon trap: reason=unstable_if action=reinterpret pc=0x0000000113020c1c method=javafx.scene.text.Text.updatePGText()V @ 190
Event: 679.379 Thread 0x00007fa7688b1800 Uncommon trap: reason=unstable_if action=reinterpret pc=0x0000000112ba7ca0 method=com.sun.javafx.sg.prism.NGText.renderContent2D(Lcom/sun/prism/Graphics;Z)V @ 124
Event: 679.379 Thread 0x00007fa7688b1800 Uncommon trap: reason=unstable_if action=reinterpret pc=0x0000000113008ca8 method=com.sun.prism.impl.ps.BaseShaderGraphics.drawString(Lcom/sun/javafx/scene/text/GlyphList;Lcom/sun/javafx/font/FontStrike;FFLcom/sun/prism/paint/Color;II)V @ 596
Event: 679.379 Thread 0x00007fa7688b1800 Uncommon trap: reason=predicate action=maybe_recompile pc=0x0000000112e17980 method=com.sun.prism.impl.GlyphCache.render(Lcom/sun/prism/impl/BaseContext;Lcom/sun/javafx/scene/text/GlyphList;FFIILcom/sun/prism/paint/Color;Lcom/sun/prism/paint/Color;Lcom/su
Event: 683.628 Thread 0x00007fa767905000 Uncommon trap: reason=unstable_if action=reinterpret pc=0x0000000112f1d78c method=sun.text.bidi.BidiBase.setPara([CB[B)V @ 3
Event: 683.628 Thread 0x00007fa767905000 Uncommon trap: reason=unstable_if action=reinterpret pc=0x0000000112dbdc20 method=sun.text.bidi.BidiBase.IsDefaultLevel(B)Z @ 6
Event: 876.240 Thread 0x00007fa7688b1800 Uncommon trap: reason=class_check action=maybe_recompile pc=0x0000000112ce8590 method=com.sun.javafx.sg.prism.NGGroup.renderContent(Lcom/sun/prism/Graphics;)V @ 66
Event: 960.712 Thread 0x00007fa767905000 Uncommon trap: reason=unstable_if action=reinterpret pc=0x0000000112567dc0 method=com.sun.javafx.tk.quantum.GlassViewEventHandler.lambda$null$377(JIZI)Ljava/lang/Void; @ 63
Event: 1160.004 Thread 0x00007fa767878000 Uncommon trap: reason=predicate action=maybe_recompile pc=0x000000011313cce4 method=java.util.Arrays.fill([Ljava/lang/Object;Ljava/lang/Object;)V @ 10
Event: 1161.989 Thread 0x00007fa767878000 Uncommon trap: reason=array_check action=maybe_recompile pc=0x0000000113005b70 method=java.util.Arrays.fill([Ljava/lang/Object;Ljava/lang/Object;)V @ 13

Internal exceptions (10 events):
Event: 38.843 Thread 0x00007fa767905000 Exception <a 'java/io/FileNotFoundException'> (0x0000000795bb7d50) thrown at [/Users/java_re/workspace/8-2-build-macosx-x86_64/jdk8u102/7268/hotspot/src/share/vm/prims/jni.cpp, line 709]
Event: 41.687 Thread 0x00007fa767905000 Exception <a 'java/io/FileNotFoundException'> (0x0000000795e1bf68) thrown at [/Users/java_re/workspace/8-2-build-macosx-x86_64/jdk8u102/7268/hotspot/src/share/vm/prims/jni.cpp, line 709]
Event: 41.690 Thread 0x00007fa767905000 Exception <a 'java/io/FileNotFoundException'> (0x0000000795e237b0) thrown at [/Users/java_re/workspace/8-2-build-macosx-x86_64/jdk8u102/7268/hotspot/src/share/vm/prims/jni.cpp, line 709]
Event: 41.690 Thread 0x00007fa767905000 Exception <a 'java/io/FileNotFoundException'> (0x0000000795e244e8) thrown at [/Users/java_re/workspace/8-2-build-macosx-x86_64/jdk8u102/7268/hotspot/src/share/vm/prims/jni.cpp, line 709]
Event: 41.746 Thread 0x00007fa7691f5000 Implicit null exception at 0x000000011266e2fc to 0x000000011266e3d5
Event: 43.516 Thread 0x00007fa767878000 Implicit null exception at 0x00000001123030fc to 0x0000000112303c45
Event: 100.718 Thread 0x00007fa76883a000 Exception <a 'java/lang/NullPointerException'> (0x000000079562a3c8) thrown at [/Users/java_re/workspace/8-2-build-macosx-x86_64/jdk8u102/7268/hotspot/src/share/vm/interpreter/linkResolver.cpp, line 1178]
Event: 137.067 Thread 0x00007fa767878000 Implicit null exception at 0x00000001122f0506 to 0x00000001122f0b7d
Event: 679.371 Thread 0x00007fa767905000 Implicit null exception at 0x0000000112f01dc6 to 0x0000000112f02641
Event: 679.371 Thread 0x00007fa767905000 Implicit null exception at 0x0000000112adcdc6 to 0x0000000112add5dd

Events (10 events):
Event: 1429.712 loading class javafx/application/Application done
Event: 1429.739 loading class com/sun/javafx/tk/quantum/QuantumRenderer
Event: 1429.739 loading class com/sun/javafx/tk/quantum/QuantumRenderer done
Event: 1429.741 loading class com/sun/javafx/tk/quantum/QuantumToolkit
Event: 1429.741 loading class com/sun/javafx/tk/quantum/QuantumToolkit done
Event: 1429.741 Thread 0x00007fa7688b1800 Thread exited: 0x00007fa7688b1800
Event: 1429.742 Thread 0x00007fa7678f9000 Thread exited: 0x00007fa7678f9000
Event: 1429.742 Thread 0x00007fa767905000 Thread exited: 0x00007fa767905000
Event: 1429.742 Thread 0x00007fa768003800 Thread exited: 0x00007fa768003800
Event: 1429.742 Thread 0x00007fa76e888800 Thread added: 0x00007fa76e888800


Dynamic libraries:
0x0000000007668000 	/System/Library/Frameworks/Cocoa.framework/Versions/A/Cocoa
0x0000000007668000 	/System/Library/Frameworks/Security.framework/Versions/A/Security
0x0000000007668000 	/System/Library/Frameworks/ApplicationServices.framework/Versions/A/ApplicationServices
0x0000000007668000 	/usr/lib/libz.1.dylib
0x0000000007668000 	/usr/lib/libSystem.B.dylib
0x0000000007668000 	/usr/lib/libobjc.A.dylib
0x0000000007668000 	/System/Library/Frameworks/CoreFoundation.framework/Versions/A/CoreFoundation
0x0000000007668000 	/System/Library/Frameworks/Foundation.framework/Versions/C/Foundation
0x0000000007668000 	/System/Library/Frameworks/AppKit.framework/Versions/C/AppKit
0x0000000007668000 	/System/Library/Frameworks/CoreData.framework/Versions/A/CoreData
0x0000000007668000 	/System/Library/PrivateFrameworks/RemoteViewServices.framework/Versions/A/RemoteViewServices
0x0000000007668000 	/System/Library/PrivateFrameworks/UIFoundation.framework/Versions/A/UIFoundation
0x0000000007668000 	/usr/lib/libenergytrace.dylib
0x0000000007668000 	/System/Library/PrivateFrameworks/SkyLight.framework/Versions/A/SkyLight
0x0000000007668000 	/System/Library/Frameworks/CoreGraphics.framework/Versions/A/CoreGraphics
0x0000000007668000 	/usr/lib/libScreenReader.dylib
0x0000000007668000 	/System/Library/Frameworks/Accelerate.framework/Versions/A/Accelerate
0x0000000007668000 	/System/Library/Frameworks/IOSurface.framework/Versions/A/IOSurface
0x0000000007668000 	/System/Library/Frameworks/AudioToolbox.framework/Versions/A/AudioToolbox
0x0000000007668000 	/System/Library/Frameworks/AudioUnit.framework/Versions/A/AudioUnit
0x0000000007668000 	/System/Library/PrivateFrameworks/DataDetectorsCore.framework/Versions/A/DataDetectorsCore
0x0000000007668000 	/System/Library/PrivateFrameworks/DesktopServicesPriv.framework/Versions/A/DesktopServicesPriv
0x0000000007668000 	/System/Library/Frameworks/Carbon.framework/Versions/A/Frameworks/HIToolbox.framework/Versions/A/HIToolbox
0x0000000007668000 	/usr/lib/libicucore.A.dylib
0x0000000007668000 	/System/Library/Frameworks/QuartzCore.framework/Versions/A/QuartzCore
0x0000000007668000 	/System/Library/Frameworks/Carbon.framework/Versions/A/Frameworks/SpeechRecognition.framework/Versions/A/SpeechRecognition
0x0000000007668000 	/usr/lib/libauto.dylib
0x0000000007668000 	/usr/lib/libxml2.2.dylib
0x0000000007668000 	/System/Library/PrivateFrameworks/CoreUI.framework/Versions/A/CoreUI
0x0000000007668000 	/System/Library/Frameworks/CoreAudio.framework/Versions/A/CoreAudio
0x0000000007668000 	/System/Library/Frameworks/DiskArbitration.framework/Versions/A/DiskArbitration
0x0000000007668000 	/usr/lib/liblangid.dylib
0x0000000007668000 	/System/Library/PrivateFrameworks/MultitouchSupport.framework/Versions/A/MultitouchSupport
0x0000000007668000 	/System/Library/Frameworks/IOKit.framework/Versions/A/IOKit
0x0000000007668000 	/usr/lib/libDiagnosticMessagesClient.dylib
0x0000000007668000 	/System/Library/Frameworks/CoreServices.framework/Versions/A/CoreServices
0x0000000007668000 	/System/Library/PrivateFrameworks/PerformanceAnalysis.framework/Versions/A/PerformanceAnalysis
0x0000000007668000 	/System/Library/PrivateFrameworks/GenerationalStorage.framework/Versions/A/GenerationalStorage
0x0000000007668000 	/System/Library/Frameworks/OpenGL.framework/Versions/A/OpenGL
0x0000000007668000 	/System/Library/Frameworks/CoreImage.framework/Versions/A/CoreImage
0x0000000007668000 	/System/Library/Frameworks/CoreText.framework/Versions/A/CoreText
0x0000000007668000 	/System/Library/Frameworks/ImageIO.framework/Versions/A/ImageIO
0x0000000007668000 	/System/Library/PrivateFrameworks/Backup.framework/Versions/A/Backup
0x0000000007668000 	/usr/lib/libarchive.2.dylib
0x0000000007668000 	/System/Library/Frameworks/CFNetwork.framework/Versions/A/CFNetwork
0x0000000007668000 	/System/Library/Frameworks/SystemConfiguration.framework/Versions/A/SystemConfiguration
0x0000000007668000 	/usr/lib/libCRFSuite.dylib
0x0000000007668000 	/usr/lib/libc++.1.dylib
0x0000000007668000 	/usr/lib/libc++abi.dylib
0x0000000007668000 	/usr/lib/system/libcache.dylib
0x0000000007668000 	/usr/lib/system/libcommonCrypto.dylib
0x0000000007668000 	/usr/lib/system/libcompiler_rt.dylib
0x0000000007668000 	/usr/lib/system/libcopyfile.dylib
0x0000000007668000 	/usr/lib/system/libcorecrypto.dylib
0x0000000007668000 	/usr/lib/system/libdispatch.dylib
0x0000000007668000 	/usr/lib/system/libdyld.dylib
0x0000000007668000 	/usr/lib/system/libkeymgr.dylib
0x0000000007668000 	/usr/lib/system/liblaunch.dylib
0x0000000007668000 	/usr/lib/system/libmacho.dylib
0x0000000007668000 	/usr/lib/system/libquarantine.dylib
0x0000000007668000 	/usr/lib/system/libremovefile.dylib
0x0000000007668000 	/usr/lib/system/libsystem_asl.dylib
0x0000000007668000 	/usr/lib/system/libsystem_blocks.dylib
0x0000000007668000 	/usr/lib/system/libsystem_c.dylib
0x0000000007668000 	/usr/lib/system/libsystem_configuration.dylib
0x0000000007668000 	/usr/lib/system/libsystem_coreservices.dylib
0x0000000007668000 	/usr/lib/system/libsystem_coretls.dylib
0x0000000007668000 	/usr/lib/system/libsystem_dnssd.dylib
0x0000000007668000 	/usr/lib/system/libsystem_info.dylib
0x0000000007668000 	/usr/lib/system/libsystem_kernel.dylib
0x0000000007668000 	/usr/lib/system/libsystem_m.dylib
0x0000000007668000 	/usr/lib/system/libsystem_malloc.dylib
0x0000000007668000 	/usr/lib/system/libsystem_network.dylib
0x0000000007668000 	/usr/lib/system/libsystem_networkextension.dylib
0x0000000007668000 	/usr/lib/system/libsystem_notify.dylib
0x0000000007668000 	/usr/lib/system/libsystem_platform.dylib
0x0000000007668000 	/usr/lib/system/libsystem_pthread.dylib
0x0000000007668000 	/usr/lib/system/libsystem_sandbox.dylib
0x0000000007668000 	/usr/lib/system/libsystem_secinit.dylib
0x0000000007668000 	/usr/lib/system/libsystem_symptoms.dylib
0x0000000007668000 	/usr/lib/system/libsystem_trace.dylib
0x0000000007668000 	/usr/lib/system/libunwind.dylib
0x0000000007668000 	/usr/lib/system/libxpc.dylib
0x0000000007668000 	/usr/lib/libbsm.0.dylib
0x0000000007668000 	/usr/lib/system/libkxld.dylib
0x0000000007668000 	/usr/lib/libcoretls.dylib
0x0000000007668000 	/usr/lib/libcoretls_cfhelpers.dylib
0x0000000007668000 	/usr/lib/libxar.1.dylib
0x0000000007668000 	/usr/lib/libsqlite3.dylib
0x0000000007668000 	/usr/lib/libpam.2.dylib
0x0000000007668000 	/usr/lib/libOpenScriptingUtil.dylib
0x0000000007668000 	/usr/lib/libbz2.1.0.dylib
0x0000000007668000 	/usr/lib/liblzma.5.dylib
0x0000000007668000 	/usr/lib/libnetwork.dylib
0x0000000007668000 	/usr/lib/libpcap.A.dylib
0x0000000007668000 	/System/Library/Frameworks/CoreServices.framework/Versions/A/Frameworks/FSEvents.framework/Versions/A/FSEvents
0x0000000007668000 	/System/Library/Frameworks/CoreServices.framework/Versions/A/Frameworks/CarbonCore.framework/Versions/A/CarbonCore
0x0000000007668000 	/System/Library/Frameworks/CoreServices.framework/Versions/A/Frameworks/Metadata.framework/Versions/A/Metadata
0x0000000007668000 	/System/Library/Frameworks/CoreServices.framework/Versions/A/Frameworks/OSServices.framework/Versions/A/OSServices
0x0000000007668000 	/System/Library/Frameworks/CoreServices.framework/Versions/A/Frameworks/SearchKit.framework/Versions/A/SearchKit
0x0000000007668000 	/System/Library/Frameworks/CoreServices.framework/Versions/A/Frameworks/AE.framework/Versions/A/AE
0x0000000007668000 	/System/Library/Frameworks/CoreServices.framework/Versions/A/Frameworks/LaunchServices.framework/Versions/A/LaunchServices
0x0000000007668000 	/System/Library/Frameworks/CoreServices.framework/Versions/A/Frameworks/DictionaryServices.framework/Versions/A/DictionaryServices
0x0000000007668000 	/System/Library/Frameworks/CoreServices.framework/Versions/A/Frameworks/SharedFileList.framework/Versions/A/SharedFileList
0x0000000007668000 	/System/Library/Frameworks/NetFS.framework/Versions/A/NetFS
0x0000000007668000 	/System/Library/PrivateFrameworks/NetAuth.framework/Versions/A/NetAuth
0x0000000007668000 	/System/Library/PrivateFrameworks/login.framework/Versions/A/Frameworks/loginsupport.framework/Versions/A/loginsupport
0x0000000007668000 	/System/Library/PrivateFrameworks/TCC.framework/Versions/A/TCC
0x0000000007668000 	/usr/lib/libmecabra.dylib
0x0000000007668000 	/System/Library/Frameworks/ApplicationServices.framework/Versions/A/Frameworks/ATS.framework/Versions/A/ATS
0x0000000007668000 	/System/Library/Frameworks/ApplicationServices.framework/Versions/A/Frameworks/ColorSync.framework/Versions/A/ColorSync
0x0000000007668000 	/System/Library/Frameworks/ApplicationServices.framework/Versions/A/Frameworks/HIServices.framework/Versions/A/HIServices
0x0000000007668000 	/System/Library/Frameworks/ApplicationServices.framework/Versions/A/Frameworks/LangAnalysis.framework/Versions/A/LangAnalysis
0x0000000007668000 	/System/Library/Frameworks/ApplicationServices.framework/Versions/A/Frameworks/PrintCore.framework/Versions/A/PrintCore
0x0000000007668000 	/System/Library/Frameworks/ApplicationServices.framework/Versions/A/Frameworks/QD.framework/Versions/A/QD
0x0000000007668000 	/System/Library/Frameworks/ApplicationServices.framework/Versions/A/Frameworks/SpeechSynthesis.framework/Versions/A/SpeechSynthesis
0x0000000007668000 	/System/Library/Frameworks/Accelerate.framework/Versions/A/Frameworks/vImage.framework/Versions/A/vImage
0x0000000007668000 	/System/Library/Frameworks/Accelerate.framework/Versions/A/Frameworks/vecLib.framework/Versions/A/vecLib
0x0000000007668000 	/System/Library/Frameworks/Accelerate.framework/Versions/A/Frameworks/vecLib.framework/Versions/A/libvDSP.dylib
0x0000000007668000 	/System/Library/Frameworks/Accelerate.framework/Versions/A/Frameworks/vecLib.framework/Versions/A/libBNNS.dylib
0x0000000007668000 	/System/Library/Frameworks/Accelerate.framework/Versions/A/Frameworks/vecLib.framework/Versions/A/libQuadrature.dylib
0x0000000007668000 	/System/Library/Frameworks/Accelerate.framework/Versions/A/Frameworks/vecLib.framework/Versions/A/libvMisc.dylib
0x0000000007668000 	/System/Library/Frameworks/Accelerate.framework/Versions/A/Frameworks/vecLib.framework/Versions/A/libLAPACK.dylib
0x0000000007668000 	/System/Library/Frameworks/Accelerate.framework/Versions/A/Frameworks/vecLib.framework/Versions/A/libBLAS.dylib
0x0000000007668000 	/System/Library/Frameworks/Accelerate.framework/Versions/A/Frameworks/vecLib.framework/Versions/A/libLinearAlgebra.dylib
0x0000000007668000 	/System/Library/Frameworks/Accelerate.framework/Versions/A/Frameworks/vecLib.framework/Versions/A/libSparseBLAS.dylib
0x0000000007668000 	/System/Library/Frameworks/ApplicationServices.framework/Versions/A/Frameworks/ATS.framework/Versions/A/Resources/libFontParser.dylib
0x0000000007668000 	/System/Library/Frameworks/ApplicationServices.framework/Versions/A/Frameworks/ATS.framework/Versions/A/Resources/libFontRegistry.dylib
0x0000000007668000 	/System/Library/Frameworks/ImageIO.framework/Versions/A/Resources/libJPEG.dylib
0x0000000007668000 	/System/Library/Frameworks/ImageIO.framework/Versions/A/Resources/libTIFF.dylib
0x0000000007668000 	/System/Library/Frameworks/ImageIO.framework/Versions/A/Resources/libPng.dylib
0x0000000007668000 	/System/Library/Frameworks/ImageIO.framework/Versions/A/Resources/libGIF.dylib
0x0000000007668000 	/System/Library/Frameworks/ImageIO.framework/Versions/A/Resources/libJP2.dylib
0x0000000007668000 	/System/Library/Frameworks/ImageIO.framework/Versions/A/Resources/libRadiance.dylib
0x0000000007668000 	/usr/lib/libcompression.dylib
0x0000000007668000 	/System/Library/PrivateFrameworks/AppleJPEG.framework/Versions/A/AppleJPEG
0x0000000007668000 	/usr/lib/libcups.2.dylib
0x0000000007668000 	/System/Library/Frameworks/Kerberos.framework/Versions/A/Kerberos
0x0000000007668000 	/System/Library/Frameworks/GSS.framework/Versions/A/GSS
0x0000000007668000 	/usr/lib/libresolv.9.dylib
0x0000000007668000 	/usr/lib/libiconv.2.dylib
0x0000000007668000 	/System/Library/PrivateFrameworks/Heimdal.framework/Versions/A/Heimdal
0x0000000007668000 	/usr/lib/libheimdal-asn1.dylib
0x0000000007668000 	/System/Library/Frameworks/OpenDirectory.framework/Versions/A/OpenDirectory
0x0000000007668000 	/System/Library/PrivateFrameworks/CommonAuth.framework/Versions/A/CommonAuth
0x0000000007668000 	/System/Library/Frameworks/OpenDirectory.framework/Versions/A/Frameworks/CFOpenDirectory.framework/Versions/A/CFOpenDirectory
0x0000000007668000 	/System/Library/Frameworks/SecurityFoundation.framework/Versions/A/SecurityFoundation
0x0000000007668000 	/System/Library/PrivateFrameworks/LanguageModeling.framework/Versions/A/LanguageModeling
0x0000000007668000 	/usr/lib/libmarisa.dylib
0x0000000007668000 	/usr/lib/libChineseTokenizer.dylib
0x0000000007668000 	/usr/lib/libcmph.dylib
0x0000000007668000 	/System/Library/PrivateFrameworks/CoreEmoji.framework/Versions/A/CoreEmoji
0x0000000007668000 	/System/Library/Frameworks/ServiceManagement.framework/Versions/A/ServiceManagement
0x0000000007668000 	/usr/lib/libxslt.1.dylib
0x0000000007668000 	/System/Library/Frameworks/Carbon.framework/Versions/A/Frameworks/Ink.framework/Versions/A/Ink
0x0000000007668000 	/System/Library/PrivateFrameworks/TextureIO.framework/Versions/A/TextureIO
0x0000000007668000 	/System/Library/Frameworks/Metal.framework/Versions/A/Metal
0x0000000007668000 	/usr/lib/libate.dylib
0x0000000007668000 	/System/Library/PrivateFrameworks/GPUCompiler.framework/libmetal_timestamp.dylib
0x0000000007668000 	/System/Library/Frameworks/OpenGL.framework/Versions/A/Libraries/libCoreFSCache.dylib
0x0000000007668000 	/System/Library/PrivateFrameworks/IOAccelerator.framework/Versions/A/IOAccelerator
0x0000000007668000 	/System/Library/Frameworks/CoreVideo.framework/Versions/A/CoreVideo
0x0000000007668000 	/usr/lib/libFosl_dynamic.dylib
0x0000000007668000 	/System/Library/PrivateFrameworks/MetalPerformanceShaders.framework/Versions/A/MetalPerformanceShaders
0x0000000007668000 	/System/Library/PrivateFrameworks/FaceCore.framework/Versions/A/FaceCore
0x0000000007668000 	/System/Library/Frameworks/OpenCL.framework/Versions/A/OpenCL
0x0000000007668000 	/System/Library/Frameworks/OpenGL.framework/Versions/A/Libraries/libGLU.dylib
0x0000000007668000 	/System/Library/Frameworks/OpenGL.framework/Versions/A/Libraries/libGFXShared.dylib
0x0000000007668000 	/System/Library/Frameworks/OpenGL.framework/Versions/A/Libraries/libGL.dylib
0x0000000007668000 	/System/Library/Frameworks/OpenGL.framework/Versions/A/Libraries/libGLImage.dylib
0x0000000007668000 	/System/Library/Frameworks/OpenGL.framework/Versions/A/Libraries/libCVMSPluginSupport.dylib
0x0000000007668000 	/System/Library/Frameworks/OpenGL.framework/Versions/A/Libraries/libCoreVMClient.dylib
0x0000000007668000 	/System/Library/PrivateFrameworks/CrashReporterSupport.framework/Versions/A/CrashReporterSupport
0x0000000007668000 	/System/Library/PrivateFrameworks/Sharing.framework/Versions/A/Sharing
0x0000000007668000 	/System/Library/PrivateFrameworks/IconServices.framework/Versions/A/IconServices
0x0000000007668000 	/System/Library/PrivateFrameworks/ProtocolBuffer.framework/Versions/A/ProtocolBuffer
0x0000000007668000 	/System/Library/PrivateFrameworks/Apple80211.framework/Versions/A/Apple80211
0x0000000007668000 	/System/Library/Frameworks/CoreWLAN.framework/Versions/A/CoreWLAN
0x0000000007668000 	/System/Library/PrivateFrameworks/CoreUtils.framework/Versions/A/CoreUtils
0x0000000007668000 	/System/Library/Frameworks/IOBluetooth.framework/Versions/A/IOBluetooth
0x0000000007668000 	/System/Library/PrivateFrameworks/CoreWiFi.framework/Versions/A/CoreWiFi
0x0000000007668000 	/System/Library/Frameworks/CoreBluetooth.framework/Versions/A/CoreBluetooth
0x0000000007668000 	/System/Library/Frameworks/CoreDisplay.framework/Versions/A/CoreDisplay
0x0000000007668000 	/System/Library/PrivateFrameworks/IOPresentment.framework/Versions/A/IOPresentment
0x0000000007668000 	/System/Library/PrivateFrameworks/DebugSymbols.framework/Versions/A/DebugSymbols
0x0000000007668000 	/System/Library/PrivateFrameworks/CoreSymbolication.framework/Versions/A/CoreSymbolication
0x0000000007668000 	/System/Library/PrivateFrameworks/Symbolication.framework/Versions/A/Symbolication
0x0000000007668000 	/System/Library/PrivateFrameworks/AppleFSCompression.framework/Versions/A/AppleFSCompression
0x0000000007668000 	/System/Library/PrivateFrameworks/SpeechRecognitionCore.framework/Versions/A/SpeechRecognitionCore
0x0000000007668000 	/System/Library/PrivateFrameworks/ChunkingLibrary.framework/Versions/A/ChunkingLibrary
0x000000010d11b000 	/Library/Java/JavaVirtualMachines/jdk1.8.0_102.jdk/Contents/Home/jre/lib/server/libjvm.dylib
0x0000000007668000 	/usr/lib/libstdc++.6.dylib
0x000000010e0bc000 	/Library/Java/JavaVirtualMachines/jdk1.8.0_102.jdk/Contents/Home/jre/lib/libverify.dylib
0x000000010e0ca000 	/Library/Java/JavaVirtualMachines/jdk1.8.0_102.jdk/Contents/Home/jre/lib/libjava.dylib
0x000000010e109000 	/Library/Java/JavaVirtualMachines/jdk1.8.0_102.jdk/Contents/Home/jre/lib/libzip.dylib
0x000000010e1e6000 	/System/Library/Frameworks/JavaVM.framework/Frameworks/JavaRuntimeSupport.framework/JavaRuntimeSupport
0x0000000111267000 	/System/Library/Frameworks/JavaVM.framework/Versions/A/Frameworks/JavaNativeFoundation.framework/Versions/A/JavaNativeFoundation
0x000000011127c000 	/System/Library/Frameworks/JavaVM.framework/Versions/A/JavaVM
0x0000000007668000 	/System/Library/Frameworks/Carbon.framework/Versions/A/Carbon
0x0000000111289000 	/System/Library/PrivateFrameworks/JavaLaunching.framework/Versions/A/JavaLaunching
0x0000000007668000 	/System/Library/Frameworks/Carbon.framework/Versions/A/Frameworks/CommonPanels.framework/Versions/A/CommonPanels
0x0000000007668000 	/System/Library/Frameworks/Carbon.framework/Versions/A/Frameworks/Help.framework/Versions/A/Help
0x0000000007668000 	/System/Library/Frameworks/Carbon.framework/Versions/A/Frameworks/ImageCapture.framework/Versions/A/ImageCapture
0x0000000007668000 	/System/Library/Frameworks/Carbon.framework/Versions/A/Frameworks/OpenScripting.framework/Versions/A/OpenScripting
0x0000000007668000 	/System/Library/Frameworks/Carbon.framework/Versions/A/Frameworks/Print.framework/Versions/A/Print
0x0000000007668000 	/System/Library/Frameworks/Carbon.framework/Versions/A/Frameworks/SecurityHI.framework/Versions/A/SecurityHI
0x0000000111378000 	/Library/Java/JavaVirtualMachines/jdk1.8.0_102.jdk/Contents/Home/jre/lib/libprism_es2.dylib
0x0000000007668000 	/System/Library/Frameworks/OpenGL.framework/Versions/A/Resources/GLEngine.bundle/GLEngine
0x0000000007668000 	/System/Library/Frameworks/OpenGL.framework/Versions/A/Libraries/libGLProgrammability.dylib
0x00000001113de000 	/System/Library/Extensions/AppleIntelHD5000GraphicsGLDriver.bundle/Contents/MacOS/AppleIntelHD5000GraphicsGLDriver
0x0000000007668000 	/System/Library/PrivateFrameworks/GPUSupport.framework/Versions/A/Libraries/libGPUSupportMercury.dylib
0x0000000007668000 	/System/Library/Frameworks/OpenGL.framework/Versions/A/Resources/GLRendererFloat.bundle/GLRendererFloat
0x0000000007668000 	/System/Library/Frameworks/OpenCL.framework/Versions/A/Libraries/libcldcpuengine.dylib
0x0000000007668000 	/usr/lib/libcrypto.0.9.8.dylib
0x0000000007668000 	/System/Library/PrivateFrameworks/TrustEvaluationAgent.framework/Versions/A/TrustEvaluationAgent
0x00000001268fc000 	/Library/Java/JavaVirtualMachines/jdk1.8.0_102.jdk/Contents/Home/jre/lib/libglass.dylib
0x0000000007668000 	/System/Library/PrivateFrameworks/CoreServicesInternal.framework/Versions/A/CoreServicesInternal
0x0000000007668000 	/System/Library/CoreServices/RawCamera.bundle/Contents/MacOS/RawCamera
0x0000000007668000 	/System/Library/Frameworks/Accelerate.framework/Versions/A/Frameworks/vImage.framework/Versions/A/Libraries/libCGInterfaces.dylib
0x0000000007668000 	/System/Library/PrivateFrameworks/FamilyControls.framework/Versions/A/FamilyControls
0x0000000007668000 	/System/Library/PrivateFrameworks/CommerceKit.framework/Versions/A/Frameworks/CommerceCore.framework/Versions/A/CommerceCore
0x0000000007668000 	/System/Library/PrivateFrameworks/SystemAdministration.framework/Versions/A/SystemAdministration
0x0000000007668000 	/System/Library/PrivateFrameworks/AppContainer.framework/Versions/A/AppContainer
0x0000000007668000 	/System/Library/PrivateFrameworks/SecCodeWrapper.framework/Versions/A/SecCodeWrapper
0x0000000007668000 	/System/Library/Frameworks/DirectoryService.framework/Versions/A/DirectoryService
0x0000000007668000 	/System/Library/PrivateFrameworks/DiskImages.framework/Versions/A/DiskImages
0x0000000007668000 	/System/Library/PrivateFrameworks/LoginUIKit.framework/Versions/A/Frameworks/LoginUICore.framework/Versions/A/LoginUICore
0x0000000007668000 	/usr/lib/libCoreStorage.dylib
0x0000000007668000 	/usr/lib/libcsfde.dylib
0x0000000007668000 	/usr/lib/libodfde.dylib
0x0000000007668000 	/System/Library/Frameworks/DiscRecording.framework/Versions/A/DiscRecording
0x0000000007668000 	/usr/lib/libcurl.4.dylib
0x0000000007668000 	/System/Library/PrivateFrameworks/MediaKit.framework/Versions/A/MediaKit
0x0000000007668000 	/System/Library/PrivateFrameworks/ProtectedCloudStorage.framework/Versions/A/ProtectedCloudStorage
0x0000000007668000 	/System/Library/PrivateFrameworks/EFILogin.framework/Versions/A/EFILogin
0x0000000007668000 	/usr/lib/libutil.dylib
0x0000000007668000 	/System/Library/Frameworks/LDAP.framework/Versions/A/LDAP
0x0000000007668000 	/usr/lib/libsasl2.2.dylib
0x0000000007668000 	/System/Library/PrivateFrameworks/CoreDaemon.framework/Versions/B/CoreDaemon
0x0000000007668000 	/System/Library/PrivateFrameworks/AppleSRP.framework/Versions/A/AppleSRP
0x0000000007668000 	/System/Library/PrivateFrameworks/APFS.framework/Versions/A/APFS
0x0000000129b90000 	/Library/Java/JavaVirtualMachines/jdk1.8.0_102.jdk/Contents/Home/jre/lib/libjavafx_font.dylib
0x0000000007668000 	/System/Library/Frameworks/ApplicationServices.framework/Versions/A/Frameworks/ATS.framework/Versions/A/Resources/libTrueTypeScaler.dylib
0x000000012e017000 	/System/Library/Extensions/AppleIntelHD5000GraphicsMTLDriver.bundle/Contents/MacOS/AppleIntelHD5000GraphicsMTLDriver
0x0000000007668000 	/System/Library/PrivateFrameworks/ViewBridge.framework/Versions/A/ViewBridge
0x0000000007668000 	/System/Library/PrivateFrameworks/XPCService.framework/Versions/A/XPCService
0x0000000007668000 	/System/Library/PrivateFrameworks/AppSandbox.framework/Versions/A/AppSandbox
0x0000000007668000 	/usr/lib/libsandbox.1.dylib
0x0000000007668000 	/usr/lib/libMatch.1.dylib
0x000000012a0b1000 	/Library/Java/JavaVirtualMachines/jdk1.8.0_102.jdk/Contents/Home/jre/lib/libprism_common.dylib
0x00000001317ab000 	/Library/Java/JavaVirtualMachines/jdk1.8.0_102.jdk/Contents/Home/jre/lib/libawt.dylib
0x0000000131853000 	/Library/Java/JavaVirtualMachines/jdk1.8.0_102.jdk/Contents/Home/jre/lib/./libmlib_image.dylib
0x000000013228d000 	/Library/Java/JavaVirtualMachines/jdk1.8.0_102.jdk/Contents/Home/jre/lib/libawt_lwawt.dylib
0x0000000131194000 	/Library/Java/JavaVirtualMachines/jdk1.8.0_102.jdk/Contents/Home/jre/lib/./libosxapp.dylib
0x0000000007668000 	/System/Library/Frameworks/ExceptionHandling.framework/Versions/A/ExceptionHandling
0x0000000132be7000 	/Library/Java/JavaVirtualMachines/jdk1.8.0_102.jdk/Contents/Home/jre/lib/libfontmanager.dylib
0x00000001311dc000 	/Library/Java/JavaVirtualMachines/jdk1.8.0_102.jdk/Contents/Home/jre/lib/libosxui.dylib
0x0000000129aba000 	/private/var/folders/xx/tnbcpn897sxcjnnd_vw4qgvh0000gn/T/jna--933615112/jna3239164506378652169.tmp
0x0000000134da0000 	/var/folders/xx/tnbcpn897sxcjnnd_vw4qgvh0000gn/T/tess4j/darwin/libtesseract.dylib
0x000000012c69e000 	/opt/local/lib/liblept.5.dylib
0x0000000126b35000 	/opt/local/lib/libz.1.dylib
0x0000000129b4d000 	/opt/local/lib/libpng16.16.dylib
0x000000012c87f000 	/opt/local/lib/libjpeg.9.dylib
0x0000000129acf000 	/opt/local/lib/libgif.4.dylib
0x000000012c8b2000 	/opt/local/lib/libtiff.5.dylib
0x000000012c918000 	/opt/local/lib/libwebp.6.dylib
0x000000012c96f000 	/opt/local/lib/libopenjp2.7.dylib
0x0000000129ad8000 	/opt/local/lib/libSM.6.dylib
0x000000012c99a000 	/opt/local/lib/libICE.6.dylib
0x00000001352fa000 	/opt/local/lib/libX11.6.dylib
0x000000012c9b3000 	/opt/local/lib/libxcb.1.dylib
0x00000001277fa000 	/opt/local/lib/libXau.6.dylib
0x0000000129ae1000 	/opt/local/lib/libXdmcp.6.dylib
0x000000012c9d6000 	/opt/local/lib/liblzma.5.dylib
0x0000000129afa000 	/Library/Java/JavaVirtualMachines/jdk1.8.0_102.jdk/Contents/Home/jre/lib/libnio.dylib
0x000000012c9f7000 	/Library/Java/JavaVirtualMachines/jdk1.8.0_102.jdk/Contents/Home/jre/lib/./libnet.dylib
0x000000012978e000 	/Library/Java/JavaVirtualMachines/jdk1.8.0_102.jdk/Contents/Home/jre/lib/libjsound.dylib
0x000000012aedc000 	/System/Library/Frameworks/CoreMIDI.framework/Versions/A/CoreMIDI
0x0000000129b0c000 	/usr/lib/libexpat.1.dylib
0x0000000126ade000 	/System/Library/Extensions/AppleHDA.kext/Contents/PlugIns/AppleHDAHALPlugIn.bundle/Contents/MacOS/AppleHDAHALPlugIn
0x000000012cdda000 	/System/Library/Components/CoreAudio.component/Contents/MacOS/CoreAudio

VM Arguments:
jvm_args: -Dfile.encoding=UTF-8 
java_command: /Users/andreqbs/NetBeansProjects/meuprimeirogit/dist/run757270968/RoulleteBet.jar
java_class_path (initial): /Users/andreqbs/NetBeansProjects/meuprimeirogit/dist/run757270968/RoulleteBet.jar
Launcher Type: SUN_STANDARD

Environment Variables:
PATH=/usr/bin:/bin:/usr/sbin:/sbin
LD_LIBRARY_PATH=/Library/Java/JavaVirtualMachines/jdk1.8.0_102.jdk/Contents/Home/jre/lib/amd64:/Library/Java/JavaVirtualMachines/jdk1.8.0_102.jdk/Contents/Home/jre/lib/i386:
SHELL=/bin/bash

Signal Handlers:
SIGSEGV: [libjvm.dylib+0x5b0579], sa_mask[0]=11111111011111110111111111111111, sa_flags=SA_ONSTACK|SA_RESTART|SA_SIGINFO
SIGBUS: [libjvm.dylib+0x5b0579], sa_mask[0]=11111111011111110111111111111111, sa_flags=SA_RESTART|SA_SIGINFO
SIGFPE: [libjvm.dylib+0x4874e4], sa_mask[0]=11111111011111110111111111111111, sa_flags=SA_RESTART|SA_SIGINFO
SIGPIPE: [libjvm.dylib+0x4874e4], sa_mask[0]=11111111011111110111111111111111, sa_flags=SA_RESTART|SA_SIGINFO
SIGXFSZ: [libjvm.dylib+0x4874e4], sa_mask[0]=11111111011111110111111111111111, sa_flags=SA_RESTART|SA_SIGINFO
SIGILL: [libjvm.dylib+0x4874e4], sa_mask[0]=11111111011111110111111111111111, sa_flags=SA_RESTART|SA_SIGINFO
SIGUSR1: SIG_DFL, sa_mask[0]=00000000000000000000000000000000, sa_flags=none
SIGUSR2: [libjvm.dylib+0x487002], sa_mask[0]=00100000000000000000000000000000, sa_flags=SA_RESTART|SA_SIGINFO
SIGHUP: [libjvm.dylib+0x4855d9], sa_mask[0]=11111111011111110111111111111111, sa_flags=SA_RESTART|SA_SIGINFO
SIGINT: SIG_IGN, sa_mask[0]=00000000000000000000000000000000, sa_flags=none
SIGTERM: [libjvm.dylib+0x4855d9], sa_mask[0]=11111111011111110111111111111111, sa_flags=SA_RESTART|SA_SIGINFO
SIGQUIT: [libjvm.dylib+0x4855d9], sa_mask[0]=11111111011111110111111111111111, sa_flags=SA_RESTART|SA_SIGINFO


---------------  S Y S T E M  ---------------

OS:Bsduname:Darwin 16.0.0 Darwin Kernel Version 16.0.0: Mon Aug 29 17:56:20 PDT 2016; root:xnu-3789.1.32~3/RELEASE_X86_64 x86_64
rlimit: STACK 8192k, CORE 0k, NPROC 709, NOFILE 10240, AS infinity
load average:3.13 3.53 4.10

CPU:total 4 (2 cores per cpu, 2 threads per core) family 6 model 69 stepping 1, cmov, cx8, fxsr, mmx, sse, sse2, sse3, ssse3, sse4.1, sse4.2, popcnt, avx, avx2, aes, clmul, erms, lzcnt, ht, tsc, tscinvbit, bmi1, bmi2

Memory: 4k page, physical 8388608k(300076k free)

/proc/meminfo:


vm_info: Java HotSpot(TM) 64-Bit Server VM (25.102-b14) for bsd-amd64 JRE (1.8.0_102-b14), built on Jun 22 2016 11:42:36 by "java_re" with gcc 4.2.1 (Based on Apple Inc. build 5658) (LLVM build 2336.11.00)

time: Thu Nov  3 22:09:39 2016
elapsed time: 1430 seconds (0d 0h 23m 50s)

